#
# There is insufficient memory for the Java Runtime Environment to continue.
# Native memory allocation (malloc) failed to allocate 559696 bytes for Chunk::new
# Possible reasons:
#   The system is out of physical RAM or swap space
#   The process is running with CompressedOops enabled, and the Java Heap may be blocking the growth of the native heap
# Possible solutions:
#   Reduce memory load on the system
#   Increase physical memory or swap space
#   Check if swap backing store is full
#   Decrease Java heap size (-Xmx/-Xms)
#   Decrease number of Java threads
#   Decrease Java thread stack sizes (-Xss)
#   Set larger code cache with -XX:ReservedCodeCacheSize=
#   JVM is running with Unscaled Compressed Oops mode in which the Java heap is
#     placed in the first 4GB address space. The Java Heap base address is the
#     maximum limit for the native heap growth. Please use -XX:HeapBaseMinAddress
#     to set the Java Heap base and to place the Java Heap above 4GB virtual address.
# This output file may be truncated or incomplete.
#
#  Out of Memory Error (arena.cpp:189), pid=10196, tid=16664
#
# JRE version: OpenJDK Runtime Environment JBR-17.0.8.1+7-1080.1-nomod (17.0.8.1+7) (build 17.0.8.1+7-b1080.1)
# Java VM: OpenJDK 64-Bit Server VM JBR-17.0.8.1+7-1080.1-nomod (17.0.8.1+7-b1080.1, mixed mode, tiered, compressed oops, compressed class ptrs, g1 gc, windows-amd64)
# No core dump will be written. Minidumps are not enabled by default on client versions of Windows
#

---------------  S U M M A R Y ------------

Command Line: --add-opens=java.base/java.util=ALL-UNNAMED --add-opens=java.base/java.lang=ALL-UNNAMED --add-opens=java.base/java.lang.invoke=ALL-UNNAMED --add-opens=java.prefs/java.util.prefs=ALL-UNNAMED --add-opens=java.base/java.nio.charset=ALL-UNNAMED --add-opens=java.base/java.net=ALL-UNNAMED --add-opens=java.base/java.util.concurrent.atomic=ALL-UNNAMED -Xmx2048m -Dfile.encoding=UTF-8 -Duser.country=BR -Duser.language=pt -Duser.variant org.gradle.launcher.daemon.bootstrap.GradleDaemon 8.0

Host: Intel(R) Core(TM) i3-7020U CPU @ 2.30GHz, 4 cores, 3G,  Windows 11 , 64 bit Build 22621 (10.0.22621.2428)
Time: Mon Nov 13 11:22:11 2023 Hora oficial do Brasil elapsed time: 54.889515 seconds (0d 0h 0m 54s)

---------------  T H R E A D  ---------------

Current thread (0x000001ee6aa31aa0):  JavaThread "C2 CompilerThread0" daemon [_thread_in_native, id=16664, stack(0x0000007754e00000,0x0000007754f00000)]


Current CompileTask:
C2:  54889 7541       4       java.util.regex.Pattern::compile (500 bytes)

Stack: [0x0000007754e00000,0x0000007754f00000]
Native frames: (J=compiled Java code, j=interpreted, Vv=VM code, C=native code)
V  [jvm.dll+0x68543a]
V  [jvm.dll+0x844c34]
V  [jvm.dll+0x84654e]
V  [jvm.dll+0x846bb3]
V  [jvm.dll+0x24b92f]
V  [jvm.dll+0xac3bc]
V  [jvm.dll+0xac98c]
V  [jvm.dll+0x36b0f7]
V  [jvm.dll+0x1be4b2]
V  [jvm.dll+0x21daa9]
V  [jvm.dll+0x21cd71]
V  [jvm.dll+0x1a676d]
V  [jvm.dll+0x22cb28]
V  [jvm.dll+0x22aaf0]
V  [jvm.dll+0x7f9cec]
V  [jvm.dll+0x7f410a]
V  [jvm.dll+0x6842c5]
C  [ucrtbase.dll+0x29363]
C  [KERNEL32.DLL+0x1257d]
C  [ntdll.dll+0x5aa78]


---------------  P R O C E S S  ---------------

Threads class SMR info:
_java_thread_list=0x000001ee70e398d0, length=79, elements={
0x000001ee50ee62e0, 0x000001ee6a78ba00, 0x000001ee6a78d2a0, 0x000001ee6a7cf3b0,
0x000001ee6a7d3f80, 0x000001ee6a7d6a50, 0x000001ee6aa30d00, 0x000001ee6aa31aa0,
0x000001ee6aa33d00, 0x000001ee6aa3d6b0, 0x000001ee6abcf730, 0x000001ee6abd4c30,
0x000001ee70125ff0, 0x000001ee6ad83160, 0x000001ee70530d30, 0x000001ee704a23d0,
0x000001ee6f1e9040, 0x000001ee6f194e20, 0x000001ee6f192fc0, 0x000001ee6f191b80,
0x000001ee6f1939e0, 0x000001ee6f1934d0, 0x000001ee6f192090, 0x000001ee6f193ef0,
0x000001ee6f194400, 0x000001ee6f194910, 0x000001ee70b548c0, 0x000001ee70b52040,
0x000001ee70b52a60, 0x000001ee70b52f70, 0x000001ee70b57140, 0x000001ee70b50c00,
0x000001ee70b54dd0, 0x000001ee70b51620, 0x000001ee70b57650, 0x000001ee70b506f0,
0x000001ee70b552e0, 0x000001ee70b557f0, 0x000001ee70b55d00, 0x000001ee70b56210,
0x000001ee70b56720, 0x000001ee70b56c30, 0x000001ee70b52550, 0x000001ee70b53480,
0x000001ee70b53990, 0x000001ee70b79ef0, 0x000001ee70b77160, 0x000001ee70b75300,
0x000001ee70b75810, 0x000001ee70b7a400, 0x000001ee70b7a910, 0x000001ee70b75d20,
0x000001ee70b73ec0, 0x000001ee70b78fc0, 0x000001ee70b794d0, 0x000001ee70b78090,
0x000001ee70b785a0, 0x000001ee70b77b80, 0x000001ee70b734a0, 0x000001ee70b7ae20,
0x000001ee70b77670, 0x000001ee70b74df0, 0x000001ee70b76230, 0x000001ee70b78ab0,
0x000001ee70b739b0, 0x000001ee70b799e0, 0x000001ee70b76c50, 0x000001ee70b743d0,
0x000001ee70b748e0, 0x000001ee70b76740, 0x000001ee6fd8e480, 0x000001ee6fd93580,
0x000001ee6fd8d550, 0x000001ee6fd93a90, 0x000001ee6fd91c30, 0x000001ee6fd8e990,
0x000001ee6fd92140, 0x000001ee6fd92650, 0x000001ee6fd8da60
}

Java Threads: ( => current thread )
  0x000001ee50ee62e0 JavaThread "main" [_thread_blocked, id=7560, stack(0x0000007754100000,0x0000007754200000)]
  0x000001ee6a78ba00 JavaThread "Reference Handler" daemon [_thread_blocked, id=17656, stack(0x0000007754800000,0x0000007754900000)]
  0x000001ee6a78d2a0 JavaThread "Finalizer" daemon [_thread_blocked, id=4440, stack(0x0000007754900000,0x0000007754a00000)]
  0x000001ee6a7cf3b0 JavaThread "Signal Dispatcher" daemon [_thread_blocked, id=15832, stack(0x0000007754a00000,0x0000007754b00000)]
  0x000001ee6a7d3f80 JavaThread "Attach Listener" daemon [_thread_blocked, id=6068, stack(0x0000007754b00000,0x0000007754c00000)]
  0x000001ee6a7d6a50 JavaThread "Service Thread" daemon [_thread_blocked, id=16472, stack(0x0000007754c00000,0x0000007754d00000)]
  0x000001ee6aa30d00 JavaThread "Monitor Deflation Thread" daemon [_thread_blocked, id=6108, stack(0x0000007754d00000,0x0000007754e00000)]
=>0x000001ee6aa31aa0 JavaThread "C2 CompilerThread0" daemon [_thread_in_native, id=16664, stack(0x0000007754e00000,0x0000007754f00000)]
  0x000001ee6aa33d00 JavaThread "C1 CompilerThread0" daemon [_thread_blocked, id=2364, stack(0x0000007754f00000,0x0000007755000000)]
  0x000001ee6aa3d6b0 JavaThread "Sweeper thread" daemon [_thread_blocked, id=16332, stack(0x0000007755000000,0x0000007755100000)]
  0x000001ee6abcf730 JavaThread "Common-Cleaner" daemon [_thread_blocked, id=17080, stack(0x0000007755100000,0x0000007755200000)]
  0x000001ee6abd4c30 JavaThread "Notification Thread" daemon [_thread_blocked, id=18068, stack(0x0000007755200000,0x0000007755300000)]
  0x000001ee70125ff0 JavaThread "Daemon health stats" [_thread_blocked, id=15104, stack(0x0000007755700000,0x0000007755800000)]
  0x000001ee6ad83160 JavaThread "Incoming local TCP Connector on port 63097" [_thread_in_native, id=5756, stack(0x0000007755800000,0x0000007755900000)]
  0x000001ee70530d30 JavaThread "Daemon periodic checks" [_thread_blocked, id=9992, stack(0x0000007755900000,0x0000007755a00000)]
  0x000001ee704a23d0 JavaThread "Daemon" [_thread_blocked, id=12268, stack(0x0000007755a00000,0x0000007755b00000)]
  0x000001ee6f1e9040 JavaThread "Handler for socket connection from /127.0.0.1:63097 to /127.0.0.1:63098" [_thread_in_native, id=1868, stack(0x0000007755b00000,0x0000007755c00000)]
  0x000001ee6f194e20 JavaThread "Cancel handler" [_thread_blocked, id=1384, stack(0x0000007755c00000,0x0000007755d00000)]
  0x000001ee6f192fc0 JavaThread "Daemon worker" [_thread_in_vm, id=10248, stack(0x0000007755d00000,0x0000007755e00000)]
  0x000001ee6f191b80 JavaThread "Asynchronous log dispatcher for DefaultDaemonConnection: socket connection from /127.0.0.1:63097 to /127.0.0.1:63098" [_thread_blocked, id=4504, stack(0x0000007755e00000,0x0000007755f00000)]
  0x000001ee6f1939e0 JavaThread "Stdin handler" [_thread_blocked, id=6240, stack(0x0000007755f00000,0x0000007756000000)]
  0x000001ee6f1934d0 JavaThread "Daemon client event forwarder" [_thread_blocked, id=13388, stack(0x0000007756000000,0x0000007756100000)]
  0x000001ee6f192090 JavaThread "Cache worker for journal cache (C:\Users\luizm\.gradle\caches\journal-1)" [_thread_blocked, id=2212, stack(0x0000007756100000,0x0000007756200000)]
  0x000001ee6f193ef0 JavaThread "File lock request listener" [_thread_in_native, id=1556, stack(0x0000007756200000,0x0000007756300000)]
  0x000001ee6f194400 JavaThread "Cache worker for file hash cache (C:\Users\luizm\.gradle\caches\8.0\fileHashes)" [_thread_blocked, id=15232, stack(0x0000007756300000,0x0000007756400000)]
  0x000001ee6f194910 JavaThread "File watcher server" daemon [_thread_in_native, id=12864, stack(0x0000007756400000,0x0000007756500000)]
  0x000001ee70b548c0 JavaThread "File watcher consumer" daemon [_thread_blocked, id=7776, stack(0x0000007756500000,0x0000007756600000)]
  0x000001ee70b52040 JavaThread "jar transforms" [_thread_blocked, id=7476, stack(0x0000007756600000,0x0000007756700000)]
  0x000001ee70b52a60 JavaThread "jar transforms Thread 2" [_thread_blocked, id=7224, stack(0x0000007756700000,0x0000007756800000)]
  0x000001ee70b52f70 JavaThread "jar transforms Thread 3" [_thread_blocked, id=18292, stack(0x0000007756800000,0x0000007756900000)]
  0x000001ee70b57140 JavaThread "jar transforms Thread 4" [_thread_blocked, id=5428, stack(0x0000007756900000,0x0000007756a00000)]
  0x000001ee70b50c00 JavaThread "Cache worker for checksums cache (C:\Users\luizm\OneDrive\Documentos\GitHub\Lionnez\Programa\.gradle\8.0\checksums)" [_thread_blocked, id=14192, stack(0x0000007756a00000,0x0000007756b00000)]
  0x000001ee70b54dd0 JavaThread "Cache worker for cache directory md-rule (C:\Users\luizm\.gradle\caches\8.0\md-rule)" [_thread_blocked, id=11772, stack(0x0000007756b00000,0x0000007756c00000)]
  0x000001ee70b51620 JavaThread "Cache worker for file content cache (C:\Users\luizm\.gradle\caches\8.0\fileContent)" [_thread_blocked, id=6384, stack(0x0000007756c00000,0x0000007756d00000)]
  0x000001ee70b57650 JavaThread "Cache worker for file hash cache (C:\Users\luizm\OneDrive\Documentos\GitHub\Lionnez\Programa\.gradle\8.0\fileHashes)" [_thread_blocked, id=14040, stack(0x0000007756d00000,0x0000007756e00000)]
  0x000001ee70b506f0 JavaThread "Cache worker for cache directory md-supplier (C:\Users\luizm\.gradle\caches\8.0\md-supplier)" [_thread_blocked, id=5556, stack(0x0000007756e00000,0x0000007756f00000)]
  0x000001ee70b552e0 JavaThread "Cache worker for execution history cache (C:\Users\luizm\.gradle\caches\8.0\executionHistory)" [_thread_blocked, id=15544, stack(0x0000007756f00000,0x0000007757000000)]
  0x000001ee70b557f0 JavaThread "Cache worker for dependencies-accessors (C:\Users\luizm\OneDrive\Documentos\GitHub\Lionnez\Programa\.gradle\8.0\dependencies-accessors)" [_thread_blocked, id=3872, stack(0x0000007757000000,0x0000007757100000)]
  0x000001ee70b55d00 JavaThread "Cache worker for Build Output Cleanup Cache (C:\Users\luizm\OneDrive\Documentos\GitHub\Lionnez\Programa\.gradle\buildOutputCleanup)" [_thread_blocked, id=14128, stack(0x0000007757100000,0x0000007757200000)]
  0x000001ee70b56210 JavaThread "Unconstrained build operations" [_thread_blocked, id=15936, stack(0x0000007757200000,0x0000007757300000)]
  0x000001ee70b56720 JavaThread "Unconstrained build operations Thread 2" [_thread_blocked, id=1028, stack(0x0000007757300000,0x0000007757400000)]
  0x000001ee70b56c30 JavaThread "Unconstrained build operations Thread 3" [_thread_blocked, id=14160, stack(0x0000007757400000,0x0000007757500000)]
  0x000001ee70b52550 JavaThread "Unconstrained build operations Thread 4" [_thread_blocked, id=5956, stack(0x0000007757500000,0x0000007757600000)]
  0x000001ee70b53480 JavaThread "Unconstrained build operations Thread 5" [_thread_blocked, id=18376, stack(0x0000007757600000,0x0000007757700000)]
  0x000001ee70b53990 JavaThread "Unconstrained build operations Thread 6" [_thread_blocked, id=8892, stack(0x0000007757700000,0x0000007757800000)]
  0x000001ee70b79ef0 JavaThread "Unconstrained build operations Thread 7" [_thread_blocked, id=16416, stack(0x0000007757800000,0x0000007757900000)]
  0x000001ee70b77160 JavaThread "Unconstrained build operations Thread 8" [_thread_blocked, id=18064, stack(0x0000007757900000,0x0000007757a00000)]
  0x000001ee70b75300 JavaThread "Unconstrained build operations Thread 9" [_thread_blocked, id=16624, stack(0x0000007757a00000,0x0000007757b00000)]
  0x000001ee70b75810 JavaThread "Unconstrained build operations Thread 10" [_thread_blocked, id=13992, stack(0x0000007757b00000,0x0000007757c00000)]
  0x000001ee70b7a400 JavaThread "Unconstrained build operations Thread 11" [_thread_blocked, id=2508, stack(0x0000007757c00000,0x0000007757d00000)]
  0x000001ee70b7a910 JavaThread "Unconstrained build operations Thread 12" [_thread_blocked, id=12696, stack(0x0000007757d00000,0x0000007757e00000)]
  0x000001ee70b75d20 JavaThread "Unconstrained build operations Thread 13" [_thread_blocked, id=4296, stack(0x0000007757e00000,0x0000007757f00000)]
  0x000001ee70b73ec0 JavaThread "Unconstrained build operations Thread 14" [_thread_blocked, id=16288, stack(0x0000007757f00000,0x0000007758000000)]
  0x000001ee70b78fc0 JavaThread "Unconstrained build operations Thread 15" [_thread_blocked, id=7868, stack(0x0000007758000000,0x0000007758100000)]
  0x000001ee70b794d0 JavaThread "Unconstrained build operations Thread 16" [_thread_blocked, id=14016, stack(0x0000007758100000,0x0000007758200000)]
  0x000001ee70b78090 JavaThread "Unconstrained build operations Thread 17" [_thread_blocked, id=9424, stack(0x0000007758200000,0x0000007758300000)]
  0x000001ee70b785a0 JavaThread "Unconstrained build operations Thread 18" [_thread_blocked, id=17604, stack(0x0000007758300000,0x0000007758400000)]
  0x000001ee70b77b80 JavaThread "Unconstrained build operations Thread 19" [_thread_blocked, id=6376, stack(0x0000007758400000,0x0000007758500000)]
  0x000001ee70b734a0 JavaThread "Unconstrained build operations Thread 20" [_thread_blocked, id=18304, stack(0x0000007758500000,0x0000007758600000)]
  0x000001ee70b7ae20 JavaThread "Unconstrained build operations Thread 21" [_thread_blocked, id=14568, stack(0x0000007758600000,0x0000007758700000)]
  0x000001ee70b77670 JavaThread "Unconstrained build operations Thread 22" [_thread_blocked, id=10948, stack(0x0000007758700000,0x0000007758800000)]
  0x000001ee70b74df0 JavaThread "Unconstrained build operations Thread 23" [_thread_blocked, id=7388, stack(0x0000007758800000,0x0000007758900000)]
  0x000001ee70b76230 JavaThread "Unconstrained build operations Thread 24" [_thread_blocked, id=13340, stack(0x0000007758900000,0x0000007758a00000)]
  0x000001ee70b78ab0 JavaThread "Unconstrained build operations Thread 25" [_thread_blocked, id=7532, stack(0x0000007758a00000,0x0000007758b00000)]
  0x000001ee70b739b0 JavaThread "Unconstrained build operations Thread 26" [_thread_blocked, id=18256, stack(0x0000007758b00000,0x0000007758c00000)]
  0x000001ee70b799e0 JavaThread "Unconstrained build operations Thread 27" [_thread_blocked, id=15916, stack(0x0000007758c00000,0x0000007758d00000)]
  0x000001ee70b76c50 JavaThread "Unconstrained build operations Thread 28" [_thread_blocked, id=7112, stack(0x0000007758d00000,0x0000007758e00000)]
  0x000001ee70b743d0 JavaThread "Unconstrained build operations Thread 29" [_thread_blocked, id=9004, stack(0x0000007758e00000,0x0000007758f00000)]
  0x000001ee70b748e0 JavaThread "Unconstrained build operations Thread 30" [_thread_blocked, id=10648, stack(0x0000007758f00000,0x0000007759000000)]
  0x000001ee70b76740 JavaThread "Unconstrained build operations Thread 31" [_thread_blocked, id=6832, stack(0x0000007759000000,0x0000007759100000)]
  0x000001ee6fd8e480 JavaThread "Unconstrained build operations Thread 32" [_thread_blocked, id=8312, stack(0x0000007759100000,0x0000007759200000)]
  0x000001ee6fd93580 JavaThread "Unconstrained build operations Thread 33" [_thread_blocked, id=14608, stack(0x0000007759200000,0x0000007759300000)]
  0x000001ee6fd8d550 JavaThread "Unconstrained build operations Thread 34" [_thread_blocked, id=12052, stack(0x0000007759300000,0x0000007759400000)]
  0x000001ee6fd93a90 JavaThread "Unconstrained build operations Thread 35" [_thread_blocked, id=13544, stack(0x0000007759400000,0x0000007759500000)]
  0x000001ee6fd91c30 JavaThread "Unconstrained build operations Thread 36" [_thread_blocked, id=9316, stack(0x0000007759500000,0x0000007759600000)]
  0x000001ee6fd8e990 JavaThread "Unconstrained build operations Thread 37" [_thread_blocked, id=17356, stack(0x0000007759600000,0x0000007759700000)]
  0x000001ee6fd92140 JavaThread "Unconstrained build operations Thread 38" [_thread_blocked, id=16820, stack(0x0000007759700000,0x0000007759800000)]
  0x000001ee6fd92650 JavaThread "Unconstrained build operations Thread 39" [_thread_blocked, id=13976, stack(0x0000007759800000,0x0000007759900000)]
  0x000001ee6fd8da60 JavaThread "Unconstrained build operations Thread 40" [_thread_blocked, id=17488, stack(0x0000007759900000,0x0000007759a00000)]

Other Threads:
  0x000001ee6a787630 VMThread "VM Thread" [stack: 0x0000007754700000,0x0000007754800000] [id=3404]
  0x000001ee6abbd070 WatcherThread [stack: 0x0000007755300000,0x0000007755400000] [id=14744]
  0x000001ee50f405d0 GCTaskThread "GC Thread#0" [stack: 0x0000007754200000,0x0000007754300000] [id=17876]
  0x000001ee6f250aa0 GCTaskThread "GC Thread#1" [stack: 0x0000007755400000,0x0000007755500000] [id=13036]
  0x000001ee6f1388b0 GCTaskThread "GC Thread#2" [stack: 0x0000007755500000,0x0000007755600000] [id=16408]
  0x000001ee6fb538a0 GCTaskThread "GC Thread#3" [stack: 0x0000007755600000,0x0000007755700000] [id=18264]
  0x000001ee50f51520 ConcurrentGCThread "G1 Main Marker" [stack: 0x0000007754300000,0x0000007754400000] [id=12596]
  0x000001ee50f526d0 ConcurrentGCThread "G1 Conc#0" [stack: 0x0000007754400000,0x0000007754500000] [id=15828]
  0x000001ee50f93320 ConcurrentGCThread "G1 Refine#0" [stack: 0x0000007754500000,0x0000007754600000] [id=7320]
  0x000001ee50f93d50 ConcurrentGCThread "G1 Service" [stack: 0x0000007754600000,0x0000007754700000] [id=1184]

Threads with active compile tasks:
C2 CompilerThread0    55147 7541       4       java.util.regex.Pattern::compile (500 bytes)

VM state: not at safepoint (normal execution)

VM Mutex/Monitor currently owned by a thread:  ([mutex/lock_event])
[0x000001ee50ede860] Metaspace_lock - owner thread: 0x000001ee6f192fc0

Heap address: 0x0000000080000000, size: 2048 MB, Compressed Oops mode: 32-bit

CDS archive(s) not mapped
Compressed class space mapped at: 0x0000000100000000-0x0000000140000000, reserved size: 1073741824
Narrow klass base: 0x0000000000000000, Narrow klass shift: 3, Narrow klass range: 0x140000000

GC Precious Log:
 CPUs: 4 total, 4 available
 Memory: 4010M
 Large Page Support: Disabled
 NUMA Support: Disabled
 Compressed Oops: Enabled (32-bit)
 Heap Region Size: 1M
 Heap Min Capacity: 8M
 Heap Initial Capacity: 64M
 Heap Max Capacity: 2G
 Pre-touch: Disabled
 Parallel Workers: 4
 Concurrent Workers: 1
 Concurrent Refinement Workers: 4
 Periodic GC: Disabled

Heap:
 garbage-first heap   total 150528K, used 116202K [0x0000000080000000, 0x0000000100000000)
  region size 1024K, 34 young (34816K), 4 survivors (4096K)
 Metaspace       used 68581K, committed 69248K, reserved 1114112K
  class space    used 9123K, committed 9408K, reserved 1048576K

Heap Regions: E=young(eden), S=young(survivor), O=old, HS=humongous(starts), HC=humongous(continues), CS=collection set, F=free, OA=open archive, CA=closed archive, TAMS=top-at-mark-start (previous, next)
|   0|0x0000000080000000, 0x0000000080100000, 0x0000000080100000|100%| O|  |TAMS 0x0000000080100000, 0x0000000080000000| Untracked 
|   1|0x0000000080100000, 0x0000000080200000, 0x0000000080200000|100%| O|  |TAMS 0x0000000080200000, 0x0000000080100000| Untracked 
|   2|0x0000000080200000, 0x0000000080300000, 0x0000000080300000|100%|HS|  |TAMS 0x0000000080300000, 0x0000000080200000| Complete 
|   3|0x0000000080300000, 0x0000000080400000, 0x0000000080400000|100%|HC|  |TAMS 0x0000000080400000, 0x0000000080300000| Complete 
|   4|0x0000000080400000, 0x0000000080500000, 0x0000000080500000|100%|HC|  |TAMS 0x0000000080500000, 0x0000000080400000| Complete 
|   5|0x0000000080500000, 0x0000000080600000, 0x0000000080600000|100%|HC|  |TAMS 0x0000000080600000, 0x0000000080500000| Complete 
|   6|0x0000000080600000, 0x0000000080700000, 0x0000000080700000|100%| O|  |TAMS 0x0000000080700000, 0x0000000080600000| Untracked 
|   7|0x0000000080700000, 0x0000000080800000, 0x0000000080800000|100%| O|  |TAMS 0x0000000080800000, 0x0000000080700000| Untracked 
|   8|0x0000000080800000, 0x0000000080900000, 0x0000000080900000|100%| O|  |TAMS 0x0000000080900000, 0x0000000080800000| Untracked 
|   9|0x0000000080900000, 0x0000000080a00000, 0x0000000080a00000|100%| O|  |TAMS 0x0000000080a00000, 0x0000000080900000| Untracked 
|  10|0x0000000080a00000, 0x0000000080b00000, 0x0000000080b00000|100%| O|  |TAMS 0x0000000080b00000, 0x0000000080a00000| Untracked 
|  11|0x0000000080b00000, 0x0000000080c00000, 0x0000000080c00000|100%| O|  |TAMS 0x0000000080c00000, 0x0000000080b00000| Untracked 
|  12|0x0000000080c00000, 0x0000000080d00000, 0x0000000080d00000|100%| O|  |TAMS 0x0000000080d00000, 0x0000000080c00000| Untracked 
|  13|0x0000000080d00000, 0x0000000080e00000, 0x0000000080e00000|100%| O|  |TAMS 0x0000000080e00000, 0x0000000080d00000| Untracked 
|  14|0x0000000080e00000, 0x0000000080f00000, 0x0000000080f00000|100%| O|  |TAMS 0x0000000080f00000, 0x0000000080e00000| Untracked 
|  15|0x0000000080f00000, 0x0000000081000000, 0x0000000081000000|100%| O|  |TAMS 0x0000000081000000, 0x0000000080f00000| Untracked 
|  16|0x0000000081000000, 0x0000000081100000, 0x0000000081100000|100%| O|  |TAMS 0x0000000081100000, 0x0000000081000000| Untracked 
|  17|0x0000000081100000, 0x0000000081200000, 0x0000000081200000|100%| O|  |TAMS 0x0000000081200000, 0x0000000081100000| Untracked 
|  18|0x0000000081200000, 0x0000000081300000, 0x0000000081300000|100%| O|  |TAMS 0x0000000081300000, 0x0000000081200000| Untracked 
|  19|0x0000000081300000, 0x0000000081400000, 0x0000000081400000|100%|HS|  |TAMS 0x0000000081400000, 0x0000000081300000| Complete 
|  20|0x0000000081400000, 0x0000000081500000, 0x0000000081500000|100%|HC|  |TAMS 0x0000000081500000, 0x0000000081400000| Complete 
|  21|0x0000000081500000, 0x0000000081600000, 0x0000000081600000|100%|HS|  |TAMS 0x0000000081600000, 0x0000000081500000| Complete 
|  22|0x0000000081600000, 0x0000000081700000, 0x0000000081700000|100%|HC|  |TAMS 0x0000000081700000, 0x0000000081600000| Complete 
|  23|0x0000000081700000, 0x0000000081800000, 0x0000000081800000|100%|HC|  |TAMS 0x0000000081800000, 0x0000000081700000| Complete 
|  24|0x0000000081800000, 0x0000000081900000, 0x0000000081900000|100%|HS|  |TAMS 0x0000000081900000, 0x0000000081800000| Complete 
|  25|0x0000000081900000, 0x0000000081a00000, 0x0000000081a00000|100%|HC|  |TAMS 0x0000000081a00000, 0x0000000081900000| Complete 
|  26|0x0000000081a00000, 0x0000000081b00000, 0x0000000081b00000|100%|HC|  |TAMS 0x0000000081b00000, 0x0000000081a00000| Complete 
|  27|0x0000000081b00000, 0x0000000081c00000, 0x0000000081c00000|100%| O|  |TAMS 0x0000000081c00000, 0x0000000081b00000| Untracked 
|  28|0x0000000081c00000, 0x0000000081d00000, 0x0000000081d00000|100%| O|  |TAMS 0x0000000081d00000, 0x0000000081c00000| Untracked 
|  29|0x0000000081d00000, 0x0000000081e00000, 0x0000000081e00000|100%|HS|  |TAMS 0x0000000081e00000, 0x0000000081d00000| Complete 
|  30|0x0000000081e00000, 0x0000000081f00000, 0x0000000081f00000|100%|HC|  |TAMS 0x0000000081f00000, 0x0000000081e00000| Complete 
|  31|0x0000000081f00000, 0x0000000082000000, 0x0000000082000000|100%|HC|  |TAMS 0x0000000082000000, 0x0000000081f00000| Complete 
|  32|0x0000000082000000, 0x0000000082100000, 0x0000000082100000|100%|HC|  |TAMS 0x0000000082100000, 0x0000000082000000| Complete 
|  33|0x0000000082100000, 0x0000000082200000, 0x0000000082200000|100%|HC|  |TAMS 0x0000000082200000, 0x0000000082100000| Complete 
|  34|0x0000000082200000, 0x0000000082300000, 0x0000000082300000|100%|HC|  |TAMS 0x0000000082300000, 0x0000000082200000| Complete 
|  35|0x0000000082300000, 0x0000000082400000, 0x0000000082400000|100%|HC|  |TAMS 0x0000000082400000, 0x0000000082300000| Complete 
|  36|0x0000000082400000, 0x0000000082500000, 0x0000000082500000|100%|HC|  |TAMS 0x0000000082500000, 0x0000000082400000| Complete 
|  37|0x0000000082500000, 0x0000000082600000, 0x0000000082600000|100%|HC|  |TAMS 0x0000000082600000, 0x0000000082500000| Complete 
|  38|0x0000000082600000, 0x0000000082700000, 0x0000000082700000|100%|HC|  |TAMS 0x0000000082700000, 0x0000000082600000| Complete 
|  39|0x0000000082700000, 0x0000000082800000, 0x0000000082800000|100%|HC|  |TAMS 0x0000000082800000, 0x0000000082700000| Complete 
|  40|0x0000000082800000, 0x0000000082900000, 0x0000000082900000|100%|HC|  |TAMS 0x0000000082900000, 0x0000000082800000| Complete 
|  41|0x0000000082900000, 0x0000000082a00000, 0x0000000082a00000|100%| O|  |TAMS 0x0000000082a00000, 0x0000000082900000| Untracked 
|  42|0x0000000082a00000, 0x0000000082b00000, 0x0000000082b00000|100%| O|  |TAMS 0x0000000082b00000, 0x0000000082a00000| Untracked 
|  43|0x0000000082b00000, 0x0000000082c00000, 0x0000000082c00000|100%| O|  |TAMS 0x0000000082c00000, 0x0000000082b00000| Untracked 
|  44|0x0000000082c00000, 0x0000000082d00000, 0x0000000082d00000|100%| O|  |TAMS 0x0000000082d00000, 0x0000000082c00000| Untracked 
|  45|0x0000000082d00000, 0x0000000082e00000, 0x0000000082e00000|100%|HS|  |TAMS 0x0000000082e00000, 0x0000000082d00000| Complete 
|  46|0x0000000082e00000, 0x0000000082f00000, 0x0000000082f00000|100%|HC|  |TAMS 0x0000000082f00000, 0x0000000082e00000| Complete 
|  47|0x0000000082f00000, 0x0000000083000000, 0x0000000083000000|100%| O|  |TAMS 0x0000000083000000, 0x0000000082f00000| Untracked 
|  48|0x0000000083000000, 0x0000000083100000, 0x0000000083100000|100%| O|  |TAMS 0x0000000083100000, 0x0000000083000000| Untracked 
|  49|0x0000000083100000, 0x0000000083200000, 0x0000000083200000|100%|HS|  |TAMS 0x0000000083200000, 0x0000000083100000| Complete 
|  50|0x0000000083200000, 0x0000000083300000, 0x0000000083300000|100%| O|  |TAMS 0x0000000083300000, 0x0000000083200000| Untracked 
|  51|0x0000000083300000, 0x0000000083400000, 0x0000000083400000|100%| O|  |TAMS 0x0000000083400000, 0x0000000083300000| Untracked 
|  52|0x0000000083400000, 0x0000000083500000, 0x0000000083500000|100%| O|  |TAMS 0x0000000083500000, 0x0000000083400000| Untracked 
|  53|0x0000000083500000, 0x0000000083600000, 0x0000000083600000|100%| O|  |TAMS 0x0000000083600000, 0x0000000083500000| Untracked 
|  54|0x0000000083600000, 0x0000000083700000, 0x0000000083700000|100%| O|  |TAMS 0x0000000083700000, 0x0000000083600000| Untracked 
|  55|0x0000000083700000, 0x0000000083800000, 0x0000000083800000|100%| O|  |TAMS 0x0000000083800000, 0x0000000083700000| Untracked 
|  56|0x0000000083800000, 0x0000000083900000, 0x0000000083900000|100%| O|  |TAMS 0x0000000083900000, 0x0000000083800000| Untracked 
|  57|0x0000000083900000, 0x0000000083a00000, 0x0000000083a00000|100%| O|  |TAMS 0x0000000083900000, 0x0000000083900000| Untracked 
|  58|0x0000000083a00000, 0x0000000083b00000, 0x0000000083b00000|100%| O|  |TAMS 0x0000000083b00000, 0x0000000083a00000| Untracked 
|  59|0x0000000083b00000, 0x0000000083c00000, 0x0000000083c00000|100%|HS|  |TAMS 0x0000000083c00000, 0x0000000083b00000| Complete 
|  60|0x0000000083c00000, 0x0000000083d00000, 0x0000000083d00000|100%|HC|  |TAMS 0x0000000083d00000, 0x0000000083c00000| Complete 
|  61|0x0000000083d00000, 0x0000000083e00000, 0x0000000083e00000|100%|HC|  |TAMS 0x0000000083e00000, 0x0000000083d00000| Complete 
|  62|0x0000000083e00000, 0x0000000083f00000, 0x0000000083f00000|100%|HS|  |TAMS 0x0000000083f00000, 0x0000000083e00000| Complete 
|  63|0x0000000083f00000, 0x0000000084000000, 0x0000000084000000|100%|HC|  |TAMS 0x0000000084000000, 0x0000000083f00000| Complete 
|  64|0x0000000084000000, 0x0000000084100000, 0x0000000084100000|100%|HC|  |TAMS 0x0000000084100000, 0x0000000084000000| Complete 
|  65|0x0000000084100000, 0x0000000084200000, 0x0000000084200000|100%| O|  |TAMS 0x0000000084200000, 0x0000000084100000| Untracked 
|  66|0x0000000084200000, 0x0000000084300000, 0x0000000084300000|100%| O|  |TAMS 0x0000000084300000, 0x0000000084200000| Untracked 
|  67|0x0000000084300000, 0x0000000084400000, 0x0000000084400000|100%| O|  |TAMS 0x0000000084400000, 0x0000000084300000| Untracked 
|  68|0x0000000084400000, 0x0000000084500000, 0x0000000084500000|100%| O|  |TAMS 0x0000000084500000, 0x0000000084400000| Untracked 
|  69|0x0000000084500000, 0x0000000084600000, 0x0000000084600000|100%| O|  |TAMS 0x0000000084600000, 0x0000000084500000| Untracked 
|  70|0x0000000084600000, 0x0000000084700000, 0x0000000084700000|100%|HS|  |TAMS 0x0000000084700000, 0x0000000084600000| Complete 
|  71|0x0000000084700000, 0x0000000084800000, 0x0000000084800000|100%|HS|  |TAMS 0x0000000084800000, 0x0000000084700000| Complete 
|  72|0x0000000084800000, 0x0000000084900000, 0x0000000084900000|100%| O|  |TAMS 0x0000000084900000, 0x0000000084800000| Untracked 
|  73|0x0000000084900000, 0x0000000084a00000, 0x0000000084a00000|100%| O|  |TAMS 0x0000000084a00000, 0x0000000084900000| Untracked 
|  74|0x0000000084a00000, 0x0000000084b00000, 0x0000000084b00000|100%| O|  |TAMS 0x0000000084b00000, 0x0000000084a00000| Untracked 
|  75|0x0000000084b00000, 0x0000000084c00000, 0x0000000084c00000|100%| O|  |TAMS 0x0000000084beda00, 0x0000000084b00000| Untracked 
|  76|0x0000000084c00000, 0x0000000084d00000, 0x0000000084d00000|100%| O|  |TAMS 0x0000000084c00000, 0x0000000084c00000| Untracked 
|  77|0x0000000084d00000, 0x0000000084e00000, 0x0000000084e00000|100%| O|  |TAMS 0x0000000084d00000, 0x0000000084d00000| Untracked 
|  78|0x0000000084e00000, 0x0000000084f00000, 0x0000000084f00000|100%| O|  |TAMS 0x0000000084e00000, 0x0000000084e00000| Untracked 
|  79|0x0000000084f00000, 0x0000000085000000, 0x0000000085000000|100%| O|  |TAMS 0x0000000084f00000, 0x0000000084f00000| Untracked 
|  80|0x0000000085000000, 0x0000000085100000, 0x0000000085100000|100%| O|  |TAMS 0x0000000085000000, 0x0000000085000000| Untracked 
|  81|0x0000000085100000, 0x000000008516ea00, 0x0000000085200000| 43%| O|  |TAMS 0x0000000085100000, 0x0000000085100000| Untracked 
|  82|0x0000000085200000, 0x0000000085200000, 0x0000000085300000|  0%| F|  |TAMS 0x0000000085200000, 0x0000000085200000| Untracked 
|  83|0x0000000085300000, 0x0000000085300000, 0x0000000085400000|  0%| F|  |TAMS 0x0000000085300000, 0x0000000085300000| Untracked 
|  84|0x0000000085400000, 0x0000000085400000, 0x0000000085500000|  0%| F|  |TAMS 0x0000000085400000, 0x0000000085400000| Untracked 
|  85|0x0000000085500000, 0x0000000085500000, 0x0000000085600000|  0%| F|  |TAMS 0x0000000085500000, 0x0000000085500000| Untracked 
|  86|0x0000000085600000, 0x0000000085600000, 0x0000000085700000|  0%| F|  |TAMS 0x0000000085600000, 0x0000000085600000| Untracked 
|  87|0x0000000085700000, 0x0000000085700000, 0x0000000085800000|  0%| F|  |TAMS 0x0000000085700000, 0x0000000085700000| Untracked 
|  88|0x0000000085800000, 0x0000000085800000, 0x0000000085900000|  0%| F|  |TAMS 0x0000000085800000, 0x0000000085800000| Untracked 
|  89|0x0000000085900000, 0x0000000085900000, 0x0000000085a00000|  0%| F|  |TAMS 0x0000000085900000, 0x0000000085900000| Untracked 
|  90|0x0000000085a00000, 0x0000000085a00000, 0x0000000085b00000|  0%| F|  |TAMS 0x0000000085a00000, 0x0000000085a00000| Untracked 
|  91|0x0000000085b00000, 0x0000000085b00000, 0x0000000085c00000|  0%| F|  |TAMS 0x0000000085b00000, 0x0000000085b00000| Untracked 
|  92|0x0000000085c00000, 0x0000000085c00000, 0x0000000085d00000|  0%| F|  |TAMS 0x0000000085c00000, 0x0000000085c00000| Untracked 
|  93|0x0000000085d00000, 0x0000000085d00000, 0x0000000085e00000|  0%| F|  |TAMS 0x0000000085d00000, 0x0000000085d00000| Untracked 
|  94|0x0000000085e00000, 0x0000000085e00000, 0x0000000085f00000|  0%| F|  |TAMS 0x0000000085e00000, 0x0000000085e00000| Untracked 
|  95|0x0000000085f00000, 0x0000000085f00000, 0x0000000086000000|  0%| F|  |TAMS 0x0000000085f00000, 0x0000000085f00000| Untracked 
|  96|0x0000000086000000, 0x0000000086000000, 0x0000000086100000|  0%| F|  |TAMS 0x0000000086000000, 0x0000000086000000| Untracked 
|  97|0x0000000086100000, 0x0000000086100000, 0x0000000086200000|  0%| F|  |TAMS 0x0000000086100000, 0x0000000086100000| Untracked 
|  98|0x0000000086200000, 0x0000000086200000, 0x0000000086300000|  0%| F|  |TAMS 0x0000000086200000, 0x0000000086200000| Untracked 
|  99|0x0000000086300000, 0x0000000086300000, 0x0000000086400000|  0%| F|  |TAMS 0x0000000086300000, 0x0000000086300000| Untracked 
| 100|0x0000000086400000, 0x0000000086400000, 0x0000000086500000|  0%| F|  |TAMS 0x0000000086400000, 0x0000000086400000| Untracked 
| 101|0x0000000086500000, 0x0000000086500000, 0x0000000086600000|  0%| F|  |TAMS 0x0000000086500000, 0x0000000086500000| Untracked 
| 102|0x0000000086600000, 0x0000000086600000, 0x0000000086700000|  0%| F|  |TAMS 0x0000000086600000, 0x0000000086600000| Untracked 
| 103|0x0000000086700000, 0x0000000086700000, 0x0000000086800000|  0%| F|  |TAMS 0x0000000086700000, 0x0000000086700000| Untracked 
| 104|0x0000000086800000, 0x0000000086800000, 0x0000000086900000|  0%| F|  |TAMS 0x0000000086800000, 0x0000000086800000| Untracked 
| 105|0x0000000086900000, 0x0000000086900000, 0x0000000086a00000|  0%| F|  |TAMS 0x0000000086900000, 0x0000000086900000| Untracked 
| 106|0x0000000086a00000, 0x0000000086a00000, 0x0000000086b00000|  0%| F|  |TAMS 0x0000000086a00000, 0x0000000086a00000| Untracked 
| 107|0x0000000086b00000, 0x0000000086b00000, 0x0000000086c00000|  0%| F|  |TAMS 0x0000000086b00000, 0x0000000086b00000| Untracked 
| 108|0x0000000086c00000, 0x0000000086c0c088, 0x0000000086d00000|  4%| S|CS|TAMS 0x0000000086c00000, 0x0000000086c00000| Complete 
| 109|0x0000000086d00000, 0x0000000086e00000, 0x0000000086e00000|100%| S|CS|TAMS 0x0000000086d00000, 0x0000000086d00000| Complete 
| 110|0x0000000086e00000, 0x0000000086f00000, 0x0000000086f00000|100%| S|CS|TAMS 0x0000000086e00000, 0x0000000086e00000| Complete 
| 111|0x0000000086f00000, 0x0000000087000000, 0x0000000087000000|100%| S|CS|TAMS 0x0000000086f00000, 0x0000000086f00000| Complete 
| 112|0x0000000087000000, 0x0000000087000000, 0x0000000087100000|  0%| F|  |TAMS 0x0000000087000000, 0x0000000087000000| Untracked 
| 113|0x0000000087100000, 0x0000000087100000, 0x0000000087200000|  0%| F|  |TAMS 0x0000000087100000, 0x0000000087100000| Untracked 
| 114|0x0000000087200000, 0x0000000087200000, 0x0000000087300000|  0%| F|  |TAMS 0x0000000087200000, 0x0000000087200000| Untracked 
| 115|0x0000000087300000, 0x0000000087300000, 0x0000000087400000|  0%| F|  |TAMS 0x0000000087300000, 0x0000000087300000| Untracked 
| 116|0x0000000087400000, 0x0000000087400000, 0x0000000087500000|  0%| F|  |TAMS 0x0000000087400000, 0x0000000087400000| Untracked 
| 117|0x0000000087500000, 0x0000000087580800, 0x0000000087600000| 50%| E|  |TAMS 0x0000000087500000, 0x0000000087500000| Complete 
| 118|0x0000000087600000, 0x0000000087700000, 0x0000000087700000|100%| E|CS|TAMS 0x0000000087600000, 0x0000000087600000| Complete 
| 119|0x0000000087700000, 0x0000000087800000, 0x0000000087800000|100%| E|CS|TAMS 0x0000000087700000, 0x0000000087700000| Complete 
| 120|0x0000000087800000, 0x0000000087900000, 0x0000000087900000|100%| E|CS|TAMS 0x0000000087800000, 0x0000000087800000| Complete 
| 121|0x0000000087900000, 0x0000000087a00000, 0x0000000087a00000|100%| E|CS|TAMS 0x0000000087900000, 0x0000000087900000| Complete 
| 122|0x0000000087a00000, 0x0000000087b00000, 0x0000000087b00000|100%| E|CS|TAMS 0x0000000087a00000, 0x0000000087a00000| Complete 
| 123|0x0000000087b00000, 0x0000000087c00000, 0x0000000087c00000|100%| E|CS|TAMS 0x0000000087b00000, 0x0000000087b00000| Complete 
| 124|0x0000000087c00000, 0x0000000087d00000, 0x0000000087d00000|100%| E|CS|TAMS 0x0000000087c00000, 0x0000000087c00000| Complete 
| 125|0x0000000087d00000, 0x0000000087e00000, 0x0000000087e00000|100%| E|CS|TAMS 0x0000000087d00000, 0x0000000087d00000| Complete 
| 126|0x0000000087e00000, 0x0000000087f00000, 0x0000000087f00000|100%| E|CS|TAMS 0x0000000087e00000, 0x0000000087e00000| Complete 
| 127|0x0000000087f00000, 0x0000000088000000, 0x0000000088000000|100%| E|CS|TAMS 0x0000000087f00000, 0x0000000087f00000| Complete 
| 128|0x0000000088000000, 0x0000000088100000, 0x0000000088100000|100%| E|CS|TAMS 0x0000000088000000, 0x0000000088000000| Complete 
| 129|0x0000000088100000, 0x0000000088200000, 0x0000000088200000|100%| E|CS|TAMS 0x0000000088100000, 0x0000000088100000| Complete 
| 130|0x0000000088200000, 0x0000000088300000, 0x0000000088300000|100%| E|CS|TAMS 0x0000000088200000, 0x0000000088200000| Complete 
| 131|0x0000000088300000, 0x0000000088400000, 0x0000000088400000|100%| E|CS|TAMS 0x0000000088300000, 0x0000000088300000| Complete 
| 132|0x0000000088400000, 0x0000000088500000, 0x0000000088500000|100%| E|CS|TAMS 0x0000000088400000, 0x0000000088400000| Complete 
| 133|0x0000000088500000, 0x0000000088600000, 0x0000000088600000|100%| E|CS|TAMS 0x0000000088500000, 0x0000000088500000| Complete 
| 134|0x0000000088600000, 0x0000000088700000, 0x0000000088700000|100%| E|CS|TAMS 0x0000000088600000, 0x0000000088600000| Complete 
| 135|0x0000000088700000, 0x0000000088800000, 0x0000000088800000|100%| E|CS|TAMS 0x0000000088700000, 0x0000000088700000| Complete 
| 136|0x0000000088800000, 0x0000000088900000, 0x0000000088900000|100%| E|CS|TAMS 0x0000000088800000, 0x0000000088800000| Complete 
| 137|0x0000000088900000, 0x0000000088a00000, 0x0000000088a00000|100%| E|CS|TAMS 0x0000000088900000, 0x0000000088900000| Complete 
| 138|0x0000000088a00000, 0x0000000088b00000, 0x0000000088b00000|100%| E|CS|TAMS 0x0000000088a00000, 0x0000000088a00000| Complete 
| 139|0x0000000088b00000, 0x0000000088c00000, 0x0000000088c00000|100%| E|CS|TAMS 0x0000000088b00000, 0x0000000088b00000| Complete 
| 140|0x0000000088c00000, 0x0000000088d00000, 0x0000000088d00000|100%| E|CS|TAMS 0x0000000088c00000, 0x0000000088c00000| Complete 
| 141|0x0000000088d00000, 0x0000000088e00000, 0x0000000088e00000|100%| E|CS|TAMS 0x0000000088d00000, 0x0000000088d00000| Complete 
| 142|0x0000000088e00000, 0x0000000088f00000, 0x0000000088f00000|100%| E|CS|TAMS 0x0000000088e00000, 0x0000000088e00000| Complete 
| 143|0x0000000088f00000, 0x0000000089000000, 0x0000000089000000|100%| E|CS|TAMS 0x0000000088f00000, 0x0000000088f00000| Complete 
| 144|0x0000000089000000, 0x0000000089100000, 0x0000000089100000|100%| E|CS|TAMS 0x0000000089000000, 0x0000000089000000| Complete 
| 145|0x0000000089100000, 0x0000000089200000, 0x0000000089200000|100%| E|CS|TAMS 0x0000000089100000, 0x0000000089100000| Complete 
| 146|0x0000000089200000, 0x0000000089300000, 0x0000000089300000|100%| E|CS|TAMS 0x0000000089200000, 0x0000000089200000| Complete 

Card table byte_map: [0x000001ee63ab0000,0x000001ee63eb0000] _byte_map_base: 0x000001ee636b0000

Marking Bits (Prev, Next): (CMBitMap*) 0x000001ee50f40c30, (CMBitMap*) 0x000001ee50f40bf0
 Prev Bits: [0x000001ee662b0000, 0x000001ee682b0000)
 Next Bits: [0x000001ee642b0000, 0x000001ee662b0000)

Polling page: 0x000001ee4ee20000

Metaspace:

Usage:
  Non-class:     58.07 MB used.
      Class:      8.91 MB used.
       Both:     66.97 MB used.

Virtual space:
  Non-class space:       64.00 MB reserved,      58.44 MB ( 91%) committed,  1 nodes.
      Class space:        1.00 GB reserved,       9.19 MB ( <1%) committed,  1 nodes.
             Both:        1.06 GB reserved,      67.62 MB (  6%) committed. 

Chunk freelists:
   Non-Class:  4.69 MB
       Class:  6.79 MB
        Both:  11.48 MB

MaxMetaspaceSize: unlimited
CompressedClassSpaceSize: 1.00 GB
Initial GC threshold: 21.00 MB
Current GC threshold: 94.81 MB
CDS: off
MetaspaceReclaimPolicy: balanced
 - commit_granule_bytes: 65536.
 - commit_granule_words: 8192.
 - virtual_space_node_default_size: 8388608.
 - enlarge_chunks_in_place: 1.
 - new_chunks_are_fully_committed: 0.
 - uncommit_free_chunks: 1.
 - use_allocation_guard: 0.
 - handle_deallocations: 1.


Internal statistics:

num_allocs_failed_limit: 3.
num_arena_births: 694.
num_arena_deaths: 0.
num_vsnodes_births: 2.
num_vsnodes_deaths: 0.
num_space_committed: 1082.
num_space_uncommitted: 0.
num_chunks_returned_to_freelist: 3.
num_chunks_taken_from_freelist: 3068.
num_chunk_merges: 3.
num_chunk_splits: 2041.
num_chunks_enlarged: 1394.
num_inconsistent_stats: 0.

CodeHeap 'non-profiled nmethods': size=120000Kb used=3629Kb max_used=3629Kb free=116371Kb
 bounds [0x000001ee5c180000, 0x000001ee5c510000, 0x000001ee636b0000]
CodeHeap 'profiled nmethods': size=120000Kb used=13073Kb max_used=13073Kb free=106926Kb
 bounds [0x000001ee546b0000, 0x000001ee55380000, 0x000001ee5bbe0000]
CodeHeap 'non-nmethods': size=5760Kb used=2348Kb max_used=2417Kb free=3411Kb
 bounds [0x000001ee5bbe0000, 0x000001ee5be50000, 0x000001ee5c180000]
 total_blobs=7612 nmethods=6738 adapters=786
 compilation: enabled
              stopped_count=0, restarted_count=0
 full_count=0

Compilation events (20 events):
Event: 54.539 Thread 0x000001ee6aa33d00 7542  s    3       org.gradle.internal.classloader.VisitableURLClassLoader::getUserData (48 bytes)
Event: 54.539 Thread 0x000001ee6aa33d00 nmethod 7542 0x000001ee55363b90 code [0x000001ee55363d80, 0x000001ee55364358]
Event: 54.585 Thread 0x000001ee6aa33d00 7544   !   3       sun.invoke.util.VerifyAccess$1::run (16 bytes)
Event: 54.585 Thread 0x000001ee6aa33d00 nmethod 7544 0x000001ee55364510 code [0x000001ee553646c0, 0x000001ee55364868]
Event: 54.591 Thread 0x000001ee6aa33d00 7545       3       org.gradle.api.internal.DefaultMutationGuard::removeThreadLocalStateIfMutationAllowed (12 bytes)
Event: 54.591 Thread 0x000001ee6aa33d00 nmethod 7545 0x000001ee55364910 code [0x000001ee55364ac0, 0x000001ee55364cc8]
Event: 54.622 Thread 0x000001ee6aa33d00 7546       3       org.gradle.api.internal.DefaultMutationGuard$GuardState::initialValue (5 bytes)
Event: 54.622 Thread 0x000001ee6aa33d00 nmethod 7546 0x000001ee55364d90 code [0x000001ee55364f20, 0x000001ee55365098]
Event: 54.651 Thread 0x000001ee6aa33d00 7547       3       org.gradle.api.internal.DefaultMutationGuard::isMutationAllowed (21 bytes)
Event: 54.652 Thread 0x000001ee6aa33d00 nmethod 7547 0x000001ee55365190 code [0x000001ee55365360, 0x000001ee55365798]
Event: 54.811 Thread 0x000001ee6aa33d00 7549       1       sun.reflect.generics.tree.ClassSignature::getSuperInterfaces (5 bytes)
Event: 54.811 Thread 0x000001ee6aa33d00 nmethod 7549 0x000001ee5c50ae10 code [0x000001ee5c50afa0, 0x000001ee5c50b078]
Event: 54.811 Thread 0x000001ee6aa33d00 7550       3       org.gradle.internal.instantiation.generator.AbstractClassGenerator::assembleProperties (239 bytes)
Event: 54.814 Thread 0x000001ee6aa33d00 nmethod 7550 0x000001ee55365910 code [0x000001ee55365de0, 0x000001ee55368778]
Event: 54.815 Thread 0x000001ee6aa33d00 7552       3       org.gradle.internal.instantiation.generator.AbstractClassGenerator$DslMixInPropertyType::findClosureOverload (109 bytes)
Event: 54.816 Thread 0x000001ee6aa33d00 nmethod 7552 0x000001ee55369610 code [0x000001ee55369880, 0x000001ee5536a4d8]
Event: 54.816 Thread 0x000001ee6aa33d00 7551       3       org.gradle.internal.instantiation.generator.AsmBackedClassGenerator$ClassBuilderImpl::access$7100 (4 bytes)
Event: 54.816 Thread 0x000001ee6aa33d00 nmethod 7551 0x000001ee54ba6290 code [0x000001ee54ba6420, 0x000001ee54ba6518]
Event: 54.816 Thread 0x000001ee6aa33d00 7553       1       org.gradle.internal.instantiation.generator.AbstractClassGenerator::getRoleHandler (5 bytes)
Event: 54.816 Thread 0x000001ee6aa33d00 nmethod 7553 0x000001ee5c50b110 code [0x000001ee5c50b2a0, 0x000001ee5c50b378]

GC Heap History (20 events):
Event: 26.008 GC heap before
{Heap before GC invocations=22 (full 0):
 garbage-first heap   total 128000K, used 62145K [0x0000000080000000, 0x0000000100000000)
  region size 1024K, 6 young (6144K), 3 survivors (3072K)
 Metaspace       used 46172K, committed 46592K, reserved 1114112K
  class space    used 6124K, committed 6336K, reserved 1048576K
}
Event: 26.018 GC heap after
{Heap after GC invocations=23 (full 0):
 garbage-first heap   total 128000K, used 58769K [0x0000000080000000, 0x0000000100000000)
  region size 1024K, 1 young (1024K), 1 survivors (1024K)
 Metaspace       used 46172K, committed 46592K, reserved 1114112K
  class space    used 6124K, committed 6336K, reserved 1048576K
}
Event: 26.660 GC heap before
{Heap before GC invocations=23 (full 0):
 garbage-first heap   total 128000K, used 61841K [0x0000000080000000, 0x0000000100000000)
  region size 1024K, 5 young (5120K), 1 survivors (1024K)
 Metaspace       used 46297K, committed 46720K, reserved 1114112K
  class space    used 6141K, committed 6336K, reserved 1048576K
}
Event: 26.664 GC heap after
{Heap after GC invocations=24 (full 0):
 garbage-first heap   total 128000K, used 59680K [0x0000000080000000, 0x0000000100000000)
  region size 1024K, 2 young (2048K), 2 survivors (2048K)
 Metaspace       used 46297K, committed 46720K, reserved 1114112K
  class space    used 6141K, committed 6336K, reserved 1048576K
}
Event: 28.629 GC heap before
{Heap before GC invocations=25 (full 0):
 garbage-first heap   total 128000K, used 105760K [0x0000000080000000, 0x0000000100000000)
  region size 1024K, 40 young (40960K), 2 survivors (2048K)
 Metaspace       used 49321K, committed 49792K, reserved 1114112K
  class space    used 6455K, committed 6656K, reserved 1048576K
}
Event: 28.645 GC heap after
{Heap after GC invocations=26 (full 0):
 garbage-first heap   total 128000K, used 70643K [0x0000000080000000, 0x0000000100000000)
  region size 1024K, 5 young (5120K), 5 survivors (5120K)
 Metaspace       used 49321K, committed 49792K, reserved 1114112K
  class space    used 6455K, committed 6656K, reserved 1048576K
}
Event: 28.689 GC heap before
{Heap before GC invocations=26 (full 0):
 garbage-first heap   total 128000K, used 71667K [0x0000000080000000, 0x0000000100000000)
  region size 1024K, 6 young (6144K), 5 survivors (5120K)
 Metaspace       used 49519K, committed 50048K, reserved 1114112K
  class space    used 6486K, committed 6720K, reserved 1048576K
}
Event: 28.700 GC heap after
{Heap after GC invocations=27 (full 0):
 garbage-first heap   total 128000K, used 70552K [0x0000000080000000, 0x0000000100000000)
  region size 1024K, 1 young (1024K), 1 survivors (1024K)
 Metaspace       used 49519K, committed 50048K, reserved 1114112K
  class space    used 6486K, committed 6720K, reserved 1048576K
}
Event: 30.486 GC heap before
{Heap before GC invocations=27 (full 0):
 garbage-first heap   total 128000K, used 101272K [0x0000000080000000, 0x0000000100000000)
  region size 1024K, 31 young (31744K), 1 survivors (1024K)
 Metaspace       used 52970K, committed 53504K, reserved 1114112K
  class space    used 7077K, committed 7296K, reserved 1048576K
}
Event: 30.495 GC heap after
{Heap after GC invocations=28 (full 0):
 garbage-first heap   total 128000K, used 72339K [0x0000000080000000, 0x0000000100000000)
  region size 1024K, 3 young (3072K), 3 survivors (3072K)
 Metaspace       used 52970K, committed 53504K, reserved 1114112K
  class space    used 7077K, committed 7296K, reserved 1048576K
}
Event: 35.829 GC heap before
{Heap before GC invocations=29 (full 0):
 garbage-first heap   total 128000K, used 102035K [0x0000000080000000, 0x0000000100000000)
  region size 1024K, 33 young (33792K), 3 survivors (3072K)
 Metaspace       used 54589K, committed 55232K, reserved 1114112K
  class space    used 7244K, committed 7552K, reserved 1048576K
}
Event: 35.844 GC heap after
{Heap after GC invocations=30 (full 0):
 garbage-first heap   total 128000K, used 74176K [0x0000000080000000, 0x0000000100000000)
  region size 1024K, 4 young (4096K), 4 survivors (4096K)
 Metaspace       used 54589K, committed 55232K, reserved 1114112K
  class space    used 7244K, committed 7552K, reserved 1048576K
}
Event: 36.353 GC heap before
{Heap before GC invocations=30 (full 0):
 garbage-first heap   total 128000K, used 79296K [0x0000000080000000, 0x0000000100000000)
  region size 1024K, 6 young (6144K), 4 survivors (4096K)
 Metaspace       used 54699K, committed 55360K, reserved 1114112K
  class space    used 7264K, committed 7552K, reserved 1048576K
}
Event: 36.376 GC heap after
{Heap after GC invocations=31 (full 0):
 garbage-first heap   total 128000K, used 77719K [0x0000000080000000, 0x0000000100000000)
  region size 1024K, 1 young (1024K), 1 survivors (1024K)
 Metaspace       used 54699K, committed 55360K, reserved 1114112K
  class space    used 7264K, committed 7552K, reserved 1048576K
}
Event: 41.366 GC heap before
{Heap before GC invocations=31 (full 0):
 garbage-first heap   total 128000K, used 105367K [0x0000000080000000, 0x0000000100000000)
  region size 1024K, 28 young (28672K), 1 survivors (1024K)
 Metaspace       used 57558K, committed 58176K, reserved 1114112K
  class space    used 7752K, committed 8000K, reserved 1048576K
}
Event: 41.375 GC heap after
{Heap after GC invocations=32 (full 0):
 garbage-first heap   total 128000K, used 83968K [0x0000000080000000, 0x0000000100000000)
  region size 1024K, 4 young (4096K), 4 survivors (4096K)
 Metaspace       used 57558K, committed 58176K, reserved 1114112K
  class space    used 7752K, committed 8000K, reserved 1048576K
}
Event: 43.811 GC heap before
{Heap before GC invocations=33 (full 0):
 garbage-first heap   total 150528K, used 105472K [0x0000000080000000, 0x0000000100000000)
  region size 1024K, 25 young (25600K), 4 survivors (4096K)
 Metaspace       used 58609K, committed 59264K, reserved 1114112K
  class space    used 7870K, committed 8128K, reserved 1048576K
}
Event: 43.835 GC heap after
{Heap after GC invocations=34 (full 0):
 garbage-first heap   total 150528K, used 84502K [0x0000000080000000, 0x0000000100000000)
  region size 1024K, 2 young (2048K), 2 survivors (2048K)
 Metaspace       used 58609K, committed 59264K, reserved 1114112K
  class space    used 7870K, committed 8128K, reserved 1048576K
}
Event: 50.059 GC heap before
{Heap before GC invocations=34 (full 0):
 garbage-first heap   total 150528K, used 118294K [0x0000000080000000, 0x0000000100000000)
  region size 1024K, 35 young (35840K), 2 survivors (2048K)
 Metaspace       used 63459K, committed 64128K, reserved 1114112K
  class space    used 8513K, committed 8768K, reserved 1048576K
}
Event: 50.066 GC heap after
{Heap after GC invocations=35 (full 0):
 garbage-first heap   total 150528K, used 86506K [0x0000000080000000, 0x0000000100000000)
  region size 1024K, 4 young (4096K), 4 survivors (4096K)
 Metaspace       used 63459K, committed 64128K, reserved 1114112K
  class space    used 8513K, committed 8768K, reserved 1048576K
}

Dll operation events (3 events):
Event: 0.036 Loaded shared library C:\Users\luizm\.jdks\jbr-17.0.8.1\bin\java.dll
Event: 0.145 Loaded shared library C:\Users\luizm\.jdks\jbr-17.0.8.1\bin\jsvml.dll
Event: 2.906 Loaded shared library C:\Users\luizm\.jdks\jbr-17.0.8.1\bin\verify.dll

Deoptimization events (20 events):
Event: 53.217 Thread 0x000001ee6f192fc0 DEOPT PACKING pc=0x000001ee5c4f0368 sp=0x0000007755df5ca0
Event: 53.217 Thread 0x000001ee6f192fc0 DEOPT UNPACKING pc=0x000001ee5bc369a3 sp=0x0000007755df5c30 mode 2
Event: 53.612 Thread 0x000001ee6f192fc0 DEOPT PACKING pc=0x000001ee55228412 sp=0x0000007755df6c40
Event: 53.612 Thread 0x000001ee6f192fc0 DEOPT UNPACKING pc=0x000001ee5bc37143 sp=0x0000007755df6150 mode 0
Event: 53.653 Thread 0x000001ee6f192fc0 Uncommon trap: trap_request=0xffffffde fr.pc=0x000001ee5c37f63c relative=0x000000000000003c
Event: 53.653 Thread 0x000001ee6f192fc0 Uncommon trap: reason=class_check action=maybe_recompile pc=0x000001ee5c37f63c method=java.lang.StringConcatHelper.stringOf(Ljava/lang/Object;)Ljava/lang/String; @ 5 c2
Event: 53.653 Thread 0x000001ee6f192fc0 DEOPT PACKING pc=0x000001ee5c37f63c sp=0x0000007755df7610
Event: 53.653 Thread 0x000001ee6f192fc0 DEOPT UNPACKING pc=0x000001ee5bc369a3 sp=0x0000007755df75a0 mode 2
Event: 53.653 Thread 0x000001ee6f192fc0 Uncommon trap: trap_request=0xffffffde fr.pc=0x000001ee5c37f63c relative=0x000000000000003c
Event: 53.653 Thread 0x000001ee6f192fc0 Uncommon trap: reason=class_check action=maybe_recompile pc=0x000001ee5c37f63c method=java.lang.StringConcatHelper.stringOf(Ljava/lang/Object;)Ljava/lang/String; @ 5 c2
Event: 53.653 Thread 0x000001ee6f192fc0 DEOPT PACKING pc=0x000001ee5c37f63c sp=0x0000007755df7610
Event: 53.653 Thread 0x000001ee6f192fc0 DEOPT UNPACKING pc=0x000001ee5bc369a3 sp=0x0000007755df75a0 mode 2
Event: 53.653 Thread 0x000001ee6f192fc0 Uncommon trap: trap_request=0xffffffde fr.pc=0x000001ee5c37f63c relative=0x000000000000003c
Event: 53.653 Thread 0x000001ee6f192fc0 Uncommon trap: reason=class_check action=maybe_recompile pc=0x000001ee5c37f63c method=java.lang.StringConcatHelper.stringOf(Ljava/lang/Object;)Ljava/lang/String; @ 5 c2
Event: 53.653 Thread 0x000001ee6f192fc0 DEOPT PACKING pc=0x000001ee5c37f63c sp=0x0000007755df7610
Event: 53.653 Thread 0x000001ee6f192fc0 DEOPT UNPACKING pc=0x000001ee5bc369a3 sp=0x0000007755df75a0 mode 2
Event: 53.653 Thread 0x000001ee6f192fc0 Uncommon trap: trap_request=0xffffffde fr.pc=0x000001ee5c37f63c relative=0x000000000000003c
Event: 53.653 Thread 0x000001ee6f192fc0 Uncommon trap: reason=class_check action=maybe_recompile pc=0x000001ee5c37f63c method=java.lang.StringConcatHelper.stringOf(Ljava/lang/Object;)Ljava/lang/String; @ 5 c2
Event: 53.653 Thread 0x000001ee6f192fc0 DEOPT PACKING pc=0x000001ee5c37f63c sp=0x0000007755df7610
Event: 53.653 Thread 0x000001ee6f192fc0 DEOPT UNPACKING pc=0x000001ee5bc369a3 sp=0x0000007755df75a0 mode 2

Classes unloaded (0 events):
No events

Classes redefined (0 events):
No events

Internal exceptions (20 events):
Event: 35.758 Thread 0x000001ee6f192fc0 Exception <a 'java/lang/ClassNotFoundException'{0x0000000085f064e0}: build_asfrxkoi2p2b9bvd1m7nh436iCustomizer> (0x0000000085f064e0) 
thrown [s\src\hotspot\share\classfile\systemDictionary.cpp, line 256]
Event: 37.763 Thread 0x000001ee6f192fc0 Exception <a 'java/lang/ClassNotFoundException'{0x0000000087508270}: org/gradle/api/tasks/Delete_DecoratedBeanInfo> (0x0000000087508270) 
thrown [s\src\hotspot\share\classfile\systemDictionary.cpp, line 256]
Event: 37.765 Thread 0x000001ee6f192fc0 Exception <a 'java/lang/ClassNotFoundException'{0x000000008751c690}: org/gradle/api/tasks/DeleteBeanInfo> (0x000000008751c690) 
thrown [s\src\hotspot\share\classfile\systemDictionary.cpp, line 256]
Event: 37.766 Thread 0x000001ee6f192fc0 Exception <a 'java/lang/ClassNotFoundException'{0x0000000087531450}: org/gradle/api/internal/ConventionTaskBeanInfo> (0x0000000087531450) 
thrown [s\src\hotspot\share\classfile\systemDictionary.cpp, line 256]
Event: 37.768 Thread 0x000001ee6f192fc0 Exception <a 'java/lang/ClassNotFoundException'{0x00000000875468a0}: org/gradle/api/DefaultTaskBeanInfo> (0x00000000875468a0) 
thrown [s\src\hotspot\share\classfile\systemDictionary.cpp, line 256]
Event: 37.769 Thread 0x000001ee6f192fc0 Exception <a 'java/lang/ClassNotFoundException'{0x000000008755c0e8}: org/gradle/api/internal/AbstractTaskBeanInfo> (0x000000008755c0e8) 
thrown [s\src\hotspot\share\classfile\systemDictionary.cpp, line 256]
Event: 37.771 Thread 0x000001ee6f192fc0 Exception <a 'java/lang/ClassNotFoundException'{0x0000000087571bc8}: org/gradle/api/internal/AbstractTaskCustomizer> (0x0000000087571bc8) 
thrown [s\src\hotspot\share\classfile\systemDictionary.cpp, line 256]
Event: 37.777 Thread 0x000001ee6f192fc0 Exception <a 'java/lang/ClassNotFoundException'{0x00000000875dc700}: org/gradle/api/DefaultTaskCustomizer> (0x00000000875dc700) 
thrown [s\src\hotspot\share\classfile\systemDictionary.cpp, line 256]
Event: 37.782 Thread 0x000001ee6f192fc0 Exception <a 'java/lang/ClassNotFoundException'{0x000000008744e0f0}: org/gradle/api/internal/ConventionTaskCustomizer> (0x000000008744e0f0) 
thrown [s\src\hotspot\share\classfile\systemDictionary.cpp, line 256]
Event: 37.785 Thread 0x000001ee6f192fc0 Exception <a 'java/lang/ClassNotFoundException'{0x0000000087471d18}: org/gradle/api/tasks/DeleteCustomizer> (0x0000000087471d18) 
thrown [s\src\hotspot\share\classfile\systemDictionary.cpp, line 256]
Event: 37.788 Thread 0x000001ee6f192fc0 Exception <a 'java/lang/ClassNotFoundException'{0x0000000087499da0}: org/gradle/api/tasks/Delete_DecoratedCustomizer> (0x0000000087499da0) 
thrown [s\src\hotspot\share\classfile\systemDictionary.cpp, line 256]
Event: 38.658 Thread 0x000001ee6f192fc0 Exception <a 'java/lang/NoSuchMethodError'{0x00000000872355d0}: 'void java.lang.invoke.DirectMethodHandle$Holder.invokeVirtual(java.lang.Object, java.lang.Object)'> (0x00000000872355d0) 
thrown [s\src\hotspot\share\interpreter\linkResolver.cpp, line 771]
Event: 42.354 Thread 0x000001ee6f192fc0 Exception <a 'java/lang/NoSuchMethodError'{0x00000000889e44d0}: 'void java.lang.invoke.DirectMethodHandle$Holder.invokeSpecialIFC(java.lang.Object, java.lang.Object, java.lang.Object)'> (0x00000000889e44d0) 
thrown [s\src\hotspot\share\interpreter\linkResolver.cpp, line 771]
Event: 42.598 Thread 0x000001ee6f192fc0 Implicit null exception at 0x000001ee5c1d3430 to 0x000001ee5c1d3524
Event: 45.550 Thread 0x000001ee6f192fc0 Exception <a 'java/lang/ClassNotFoundException'{0x0000000088dd11a0}: build_6039brkvzlcbztbdf0scnif7tBeanInfo> (0x0000000088dd11a0) 
thrown [s\src\hotspot\share\classfile\systemDictionary.cpp, line 256]
Event: 45.551 Thread 0x000001ee6f192fc0 Exception <a 'java/lang/ClassNotFoundException'{0x0000000088dd79d8}: build_6039brkvzlcbztbdf0scnif7tCustomizer> (0x0000000088dd79d8) 
thrown [s\src\hotspot\share\classfile\systemDictionary.cpp, line 256]
Event: 47.919 Thread 0x000001ee6f192fc0 Exception <a 'java/lang/NoSuchMethodError'{0x0000000087f878f8}: 'java.lang.Object java.lang.invoke.DirectMethodHandle$Holder.newInvokeSpecial(java.lang.Object, java.lang.Object, java.lang.Object, java.lang.Object, int)'> (0x0000000087f878f8) 
thrown [s\src\hotspot\share\interpreter\linkResolver.cpp, line 771]
Event: 47.921 Thread 0x000001ee6f192fc0 Exception <a 'java/lang/NoSuchMethodError'{0x0000000087f8cd40}: 'java.lang.Object java.lang.invoke.DirectMethodHandle$Holder.invokeSpecial(java.lang.Object, java.lang.Object, java.lang.Object, java.lang.Object, java.lang.Object, int)'> (0x0000000087f8cd40) 
thrown [s\src\hotspot\share\interpreter\linkResolver.cpp, line 771]
Event: 47.922 Thread 0x000001ee6f192fc0 Exception <a 'java/lang/NoSuchMethodError'{0x0000000087f91ac0}: 'java.lang.Object java.lang.invoke.Invokers$Holder.linkToTargetMethod(java.lang.Object, java.lang.Object, java.lang.Object, int, java.lang.Object)'> (0x0000000087f91ac0) 
thrown [s\src\hotspot\share\interpreter\linkResolver.cpp, line 771]
Event: 49.644 Thread 0x000001ee6f192fc0 Exception <a 'java/lang/NoSuchMethodError'{0x00000000872560a0}: 'int java.lang.invoke.DirectMethodHandle$Holder.invokeInterface(java.lang.Object, java.lang.Object, java.lang.Object, java.lang.Object)'> (0x00000000872560a0) 
thrown [s\src\hotspot\share\interpreter\linkResolver.cpp, line 771]

VM Operations (20 events):
Event: 46.457 Executing VM operation: Cleanup
Event: 46.457 Executing VM operation: Cleanup done
Event: 47.470 Executing VM operation: Cleanup
Event: 47.473 Executing VM operation: Cleanup done
Event: 48.405 Executing VM operation: HandshakeAllThreads
Event: 48.405 Executing VM operation: HandshakeAllThreads done
Event: 49.391 Executing VM operation: Cleanup
Event: 49.391 Executing VM operation: Cleanup done
Event: 49.610 Executing VM operation: HandshakeAllThreads
Event: 49.610 Executing VM operation: HandshakeAllThreads done
Event: 49.641 Executing VM operation: HandshakeAllThreads
Event: 49.642 Executing VM operation: HandshakeAllThreads done
Event: 50.059 Executing VM operation: G1CollectForAllocation
Event: 50.066 Executing VM operation: G1CollectForAllocation done
Event: 51.073 Executing VM operation: Cleanup
Event: 51.093 Executing VM operation: Cleanup done
Event: 52.106 Executing VM operation: Cleanup
Event: 52.177 Executing VM operation: Cleanup done
Event: 53.187 Executing VM operation: Cleanup
Event: 53.203 Executing VM operation: Cleanup done

Events (20 events):
Event: 50.866 loading class java/time/format/DateTimeTextProvider
Event: 50.866 loading class java/time/format/DateTimeTextProvider done
Event: 50.866 loading class java/time/format/DateTimeTextProvider$1
Event: 50.867 loading class java/time/format/DateTimeTextProvider$1 done
Event: 50.867 loading class java/time/format/DateTimeFormatterBuilder$1
Event: 50.867 loading class java/time/format/DateTimeFormatterBuilder$1 done
Event: 50.867 loading class java/time/format/DateTimeFormatterBuilder$TextPrinterParser
Event: 50.867 loading class java/time/format/DateTimeFormatterBuilder$TextPrinterParser done
Event: 50.868 loading class java/util/concurrent/Executors$DefaultThreadFactory
Event: 50.869 loading class java/util/concurrent/Executors$DefaultThreadFactory done
Event: 51.673 loading class java/nio/charset/UnsupportedCharsetException
Event: 51.673 loading class java/nio/charset/UnsupportedCharsetException done
Event: 52.185 loading class java/util/IdentityHashMap$KeyIterator
Event: 52.186 loading class java/util/IdentityHashMap$IdentityHashMapIterator
Event: 52.186 loading class java/util/IdentityHashMap$IdentityHashMapIterator done
Event: 52.186 loading class java/util/IdentityHashMap$KeyIterator done
Event: 52.261 loading class jdk/internal/access/foreign/MemorySegmentProxy
Event: 52.262 loading class jdk/internal/access/foreign/MemorySegmentProxy done
Event: 53.745 loading class java/util/regex/Pattern$1
Event: 53.770 loading class java/util/regex/Pattern$1 done


Dynamic libraries:
0x00007ff789110000 - 0x00007ff78911a000 	C:\Users\luizm\.jdks\jbr-17.0.8.1\bin\java.exe
0x00007ffa5a430000 - 0x00007ffa5a647000 	C:\WINDOWS\SYSTEM32\ntdll.dll
0x00007ffa58cd0000 - 0x00007ffa58d94000 	C:\WINDOWS\System32\KERNEL32.DLL
0x00007ffa57c70000 - 0x00007ffa58016000 	C:\WINDOWS\System32\KERNELBASE.dll
0x00007ffa577b0000 - 0x00007ffa578c1000 	C:\WINDOWS\System32\ucrtbase.dll
0x00007ffa3f410000 - 0x00007ffa3f42b000 	C:\Users\luizm\.jdks\jbr-17.0.8.1\bin\VCRUNTIME140.dll
0x00007ffa3d5d0000 - 0x00007ffa3d5e7000 	C:\Users\luizm\.jdks\jbr-17.0.8.1\bin\jli.dll
0x00007ffa58f70000 - 0x00007ffa5911d000 	C:\WINDOWS\System32\USER32.dll
0x00007ffa57b50000 - 0x00007ffa57b76000 	C:\WINDOWS\System32\win32u.dll
0x00007ffa58500000 - 0x00007ffa58529000 	C:\WINDOWS\System32\GDI32.dll
0x00007ffa33870000 - 0x00007ffa33b03000 	C:\WINDOWS\WinSxS\amd64_microsoft.windows.common-controls_6595b64144ccf1df_6.0.22621.2361_none_2712ced57382f843\COMCTL32.dll
0x00007ffa57a30000 - 0x00007ffa57b48000 	C:\WINDOWS\System32\gdi32full.dll
0x00007ffa5a2c0000 - 0x00007ffa5a367000 	C:\WINDOWS\System32\msvcrt.dll
0x00007ffa57990000 - 0x00007ffa57a2a000 	C:\WINDOWS\System32\msvcp_win.dll
0x00007ffa58740000 - 0x00007ffa58771000 	C:\WINDOWS\System32\IMM32.DLL
0x00007ffa4f6b0000 - 0x00007ffa4f6bc000 	C:\Users\luizm\.jdks\jbr-17.0.8.1\bin\vcruntime140_1.dll
0x00007ffa1a8b0000 - 0x00007ffa1a93d000 	C:\Users\luizm\.jdks\jbr-17.0.8.1\bin\msvcp140.dll
0x00007ffa02b90000 - 0x00007ffa03813000 	C:\Users\luizm\.jdks\jbr-17.0.8.1\bin\server\jvm.dll
0x00007ffa58da0000 - 0x00007ffa58e50000 	C:\WINDOWS\System32\ADVAPI32.dll
0x00007ffa59ad0000 - 0x00007ffa59b76000 	C:\WINDOWS\System32\sechost.dll
0x00007ffa58e50000 - 0x00007ffa58f67000 	C:\WINDOWS\System32\RPCRT4.dll
0x00007ffa56600000 - 0x00007ffa5664d000 	C:\WINDOWS\SYSTEM32\POWRPROF.dll
0x00007ffa216f0000 - 0x00007ffa216f9000 	C:\WINDOWS\SYSTEM32\WSOCK32.dll
0x00007ffa5a370000 - 0x00007ffa5a3e1000 	C:\WINDOWS\System32\WS2_32.dll
0x00007ffa4c280000 - 0x00007ffa4c2b4000 	C:\WINDOWS\SYSTEM32\WINMM.dll
0x00007ffa4c2c0000 - 0x00007ffa4c2ca000 	C:\WINDOWS\SYSTEM32\VERSION.dll
0x00007ffa565e0000 - 0x00007ffa565f3000 	C:\WINDOWS\SYSTEM32\UMPDC.dll
0x00007ffa56840000 - 0x00007ffa56858000 	C:\WINDOWS\SYSTEM32\kernel.appcore.dll
0x00007ffa4d0d0000 - 0x00007ffa4d0da000 	C:\Users\luizm\.jdks\jbr-17.0.8.1\bin\jimage.dll
0x00007ffa54e40000 - 0x00007ffa5506e000 	C:\WINDOWS\SYSTEM32\DBGHELP.DLL
0x00007ffa58780000 - 0x00007ffa58b0a000 	C:\WINDOWS\System32\combase.dll
0x00007ffa582a0000 - 0x00007ffa58377000 	C:\WINDOWS\System32\OLEAUT32.dll
0x00007ffa2ece0000 - 0x00007ffa2ed12000 	C:\WINDOWS\SYSTEM32\dbgcore.DLL
0x00007ffa57bf0000 - 0x00007ffa57c6a000 	C:\WINDOWS\System32\bcryptPrimitives.dll
0x00007ffa38740000 - 0x00007ffa38765000 	C:\Users\luizm\.jdks\jbr-17.0.8.1\bin\java.dll
0x00007ffa392d0000 - 0x00007ffa392e8000 	C:\Users\luizm\.jdks\jbr-17.0.8.1\bin\zip.dll
0x00007ffa0bc80000 - 0x00007ffa0bd57000 	C:\Users\luizm\.jdks\jbr-17.0.8.1\bin\jsvml.dll
0x00007ffa59120000 - 0x00007ffa59978000 	C:\WINDOWS\System32\SHELL32.dll
0x00007ffa556d0000 - 0x00007ffa55fc2000 	C:\WINDOWS\SYSTEM32\windows.storage.dll
0x00007ffa55590000 - 0x00007ffa556ce000 	C:\WINDOWS\SYSTEM32\wintypes.dll
0x00007ffa58640000 - 0x00007ffa58733000 	C:\WINDOWS\System32\SHCORE.dll
0x00007ffa5a250000 - 0x00007ffa5a2ae000 	C:\WINDOWS\System32\shlwapi.dll
0x00007ffa576e0000 - 0x00007ffa57706000 	C:\WINDOWS\SYSTEM32\profapi.dll
0x00007ffa38ce0000 - 0x00007ffa38cf9000 	C:\Users\luizm\.jdks\jbr-17.0.8.1\bin\net.dll
0x00007ffa4a530000 - 0x00007ffa4a667000 	C:\WINDOWS\SYSTEM32\WINHTTP.dll
0x00007ffa56d20000 - 0x00007ffa56d89000 	C:\WINDOWS\system32\mswsock.dll
0x00007ffa381c0000 - 0x00007ffa381d6000 	C:\Users\luizm\.jdks\jbr-17.0.8.1\bin\nio.dll
0x00007ffa49010000 - 0x00007ffa49020000 	C:\Users\luizm\.jdks\jbr-17.0.8.1\bin\verify.dll
0x00007ffa3d680000 - 0x00007ffa3d6a7000 	C:\Users\luizm\.gradle\native\68d5fa5c4cc2d200863cafc0d521ce42e7d3e7ee720ec0a83991735586a16f82\windows-amd64\native-platform.dll
0x00007ffa08ff0000 - 0x00007ffa09134000 	C:\Users\luizm\.gradle\native\e376f236ea51e6404a007f0833ffe2c6e607c4080706a723a18a27aeea778392\windows-amd64\native-platform-file-events.dll
0x00007ffa3ffb0000 - 0x00007ffa3ffb9000 	C:\Users\luizm\.jdks\jbr-17.0.8.1\bin\management.dll
0x00007ffa3f380000 - 0x00007ffa3f38b000 	C:\Users\luizm\.jdks\jbr-17.0.8.1\bin\management_ext.dll
0x00007ffa59b80000 - 0x00007ffa59b88000 	C:\WINDOWS\System32\PSAPI.DLL
0x00007ffa56fa0000 - 0x00007ffa56fbb000 	C:\WINDOWS\SYSTEM32\CRYPTSP.dll
0x00007ffa56800000 - 0x00007ffa56835000 	C:\WINDOWS\system32\rsaenh.dll
0x00007ffa56e30000 - 0x00007ffa56e5c000 	C:\WINDOWS\SYSTEM32\USERENV.dll
0x00007ffa57150000 - 0x00007ffa57178000 	C:\WINDOWS\SYSTEM32\bcrypt.dll
0x00007ffa56f90000 - 0x00007ffa56f9c000 	C:\WINDOWS\SYSTEM32\CRYPTBASE.dll
0x00007ffa562e0000 - 0x00007ffa5630d000 	C:\WINDOWS\SYSTEM32\IPHLPAPI.DLL
0x00007ffa58380000 - 0x00007ffa58389000 	C:\WINDOWS\System32\NSI.dll
0x00007ffa4a7d0000 - 0x00007ffa4a7e9000 	C:\WINDOWS\SYSTEM32\dhcpcsvc6.DLL
0x00007ffa4a7b0000 - 0x00007ffa4a7cf000 	C:\WINDOWS\SYSTEM32\dhcpcsvc.DLL
0x00007ffa56360000 - 0x00007ffa56459000 	C:\WINDOWS\SYSTEM32\DNSAPI.dll
0x00007ffa3d6d0000 - 0x00007ffa3d6de000 	C:\Users\luizm\.jdks\jbr-17.0.8.1\bin\sunmscapi.dll
0x00007ffa58020000 - 0x00007ffa58186000 	C:\WINDOWS\System32\CRYPT32.dll
0x00007ffa57120000 - 0x00007ffa5714d000 	C:\WINDOWS\SYSTEM32\ncrypt.dll
0x00007ffa570e0000 - 0x00007ffa57117000 	C:\WINDOWS\SYSTEM32\NTASN1.dll
0x00007ffa3a500000 - 0x00007ffa3a508000 	C:\WINDOWS\system32\wshunix.dll

dbghelp: loaded successfully - version: 4.0.5 - missing functions: none
symbol engine: initialized successfully - sym options: 0x614 - pdb path: .;C:\Users\luizm\.jdks\jbr-17.0.8.1\bin;C:\WINDOWS\SYSTEM32;C:\WINDOWS\WinSxS\amd64_microsoft.windows.common-controls_6595b64144ccf1df_6.0.22621.2361_none_2712ced57382f843;C:\Users\luizm\.jdks\jbr-17.0.8.1\bin\server;C:\Users\luizm\.gradle\native\68d5fa5c4cc2d200863cafc0d521ce42e7d3e7ee720ec0a83991735586a16f82\windows-amd64;C:\Users\luizm\.gradle\native\e376f236ea51e6404a007f0833ffe2c6e607c4080706a723a18a27aeea778392\windows-amd64

VM Arguments:
jvm_args: --add-opens=java.base/java.util=ALL-UNNAMED --add-opens=java.base/java.lang=ALL-UNNAMED --add-opens=java.base/java.lang.invoke=ALL-UNNAMED --add-opens=java.prefs/java.util.prefs=ALL-UNNAMED --add-opens=java.base/java.nio.charset=ALL-UNNAMED --add-opens=java.base/java.net=ALL-UNNAMED --add-opens=java.base/java.util.concurrent.atomic=ALL-UNNAMED -Xmx2048m -Dfile.encoding=UTF-8 -Duser.country=BR -Duser.language=pt -Duser.variant 
java_command: org.gradle.launcher.daemon.bootstrap.GradleDaemon 8.0
java_class_path (initial): C:\Users\luizm\.gradle\wrapper\dists\gradle-8.0-bin\ca5e32bp14vu59qr306oxotwh\gradle-8.0\lib\gradle-launcher-8.0.jar
Launcher Type: SUN_STANDARD

[Global flags]
     intx CICompilerCount                          = 3                                         {product} {ergonomic}
     uint ConcGCThreads                            = 1                                         {product} {ergonomic}
     uint G1ConcRefinementThreads                  = 4                                         {product} {ergonomic}
   size_t G1HeapRegionSize                         = 1048576                                   {product} {ergonomic}
    uintx GCDrainStackTargetSize                   = 64                                        {product} {ergonomic}
   size_t InitialHeapSize                          = 67108864                                  {product} {ergonomic}
   size_t MarkStackSize                            = 4194304                                   {product} {ergonomic}
   size_t MaxHeapSize                              = 2147483648                                {product} {command line}
   size_t MaxNewSize                               = 1287651328                                {product} {ergonomic}
   size_t MinHeapDeltaBytes                        = 1048576                                   {product} {ergonomic}
   size_t MinHeapSize                              = 8388608                                   {product} {ergonomic}
    uintx NonNMethodCodeHeapSize                   = 5832780                                {pd product} {ergonomic}
    uintx NonProfiledCodeHeapSize                  = 122912730                              {pd product} {ergonomic}
    uintx ProfiledCodeHeapSize                     = 122912730                              {pd product} {ergonomic}
    uintx ReservedCodeCacheSize                    = 251658240                              {pd product} {ergonomic}
     bool SegmentedCodeCache                       = true                                      {product} {ergonomic}
   size_t SoftMaxHeapSize                          = 2147483648                             {manageable} {ergonomic}
     bool UseCompressedClassPointers               = true                           {product lp64_product} {ergonomic}
     bool UseCompressedOops                        = true                           {product lp64_product} {ergonomic}
     bool UseG1GC                                  = true                                      {product} {ergonomic}
     bool UseLargePagesIndividualAllocation        = false                                  {pd product} {ergonomic}

Logging:
Log output configuration:
 #0: stdout all=warning uptime,level,tags
 #1: stderr all=off uptime,level,tags

Environment Variables:
PATH=C:\Program Files (x86)\Common Files\Intel\Shared Libraries\redist\intel64\compiler;C:\Program Files (x86)\Common Files\Oracle\Java\javapath;C:\Windows\system32;C:\Windows;C:\Windows\System32\Wbem;C:\Windows\System32\WindowsPowerShell\v1.0\;C:\Windows\System32\OpenSSH\;C:\Program Files\Microsoft SQL Server\130\Tools\Binn\;C:\Program Files\Microsoft SQL Server\Client SDK\ODBC\170\Tools\Binn\;C:\Program Files (x86)\Microsoft SQL Server\150\Tools\Binn\;C:\Program Files\Microsoft SQL Server\150\Tools\Binn\;C:\Program Files\Microsoft SQL Server\150\DTS\Binn\;C:\Program Files (x86)\Microsoft SQL Server\150\DTS\Binn\;C:\Program Files\Git\cmd;C:\Program Files\dotnet\;C:\WINDOWS\system32;C:\WINDOWS;C:\WINDOWS\System32\Wbem;C:\WINDOWS\System32\WindowsPowerShell\v1.0\;C:\WINDOWS\System32\OpenSSH\;C:\Program Files\MySQL\MySQL Shell 8.0\bin\;C:\Users\luizm\AppData\Local\Microsoft\WindowsApps;C:\Program Files\Azure Data Studio\bin;C:\Users\luizm\AppData\Local\Programs\Microsoft VS Code\bin;C:\Users\luizm\AppData\Local\GitHubDesktop\bin;C:\Users\luizm\.dotnet\tools;
USERNAME=luizm
OS=Windows_NT
PROCESSOR_IDENTIFIER=Intel64 Family 6 Model 142 Stepping 10, GenuineIntel
TMP=C:\Users\luizm\AppData\Local\Temp
TEMP=C:\Users\luizm\AppData\Local\Temp


JNI global refs:
JNI global refs: 23, weak refs: 1

JNI global refs memory usage: 843, weak refs: 841

OOME stack traces (most recent first):
Classloader memory used:
