#
# There is insufficient memory for the Java Runtime Environment to continue.
# Native memory allocation (malloc) failed to allocate 2218672 bytes for Chunk::new
# Possible reasons:
#   The system is out of physical RAM or swap space
#   The process is running with CompressedOops enabled, and the Java Heap may be blocking the growth of the native heap
# Possible solutions:
#   Reduce memory load on the system
#   Increase physical memory or swap space
#   Check if swap backing store is full
#   Decrease Java heap size (-Xmx/-Xms)
#   Decrease number of Java threads
#   Decrease Java thread stack sizes (-Xss)
#   Set larger code cache with -XX:ReservedCodeCacheSize=
#   JVM is running with Unscaled Compressed Oops mode in which the Java heap is
#     placed in the first 4GB address space. The Java Heap base address is the
#     maximum limit for the native heap growth. Please use -XX:HeapBaseMinAddress
#     to set the Java Heap base and to place the Java Heap above 4GB virtual address.
# This output file may be truncated or incomplete.
#
#  Out of Memory Error (arena.cpp:189), pid=4772, tid=10860
#
# JRE version: OpenJDK Runtime Environment JBR-17.0.8.1+7-1080.1-nomod (17.0.8.1+7) (build 17.0.8.1+7-b1080.1)
# Java VM: OpenJDK 64-Bit Server VM JBR-17.0.8.1+7-1080.1-nomod (17.0.8.1+7-b1080.1, mixed mode, tiered, compressed oops, compressed class ptrs, g1 gc, windows-amd64)
# No core dump will be written. Minidumps are not enabled by default on client versions of Windows
#

---------------  S U M M A R Y ------------

Command Line: --add-opens=java.base/java.util=ALL-UNNAMED --add-opens=java.base/java.lang=ALL-UNNAMED --add-opens=java.base/java.lang.invoke=ALL-UNNAMED --add-opens=java.prefs/java.util.prefs=ALL-UNNAMED --add-opens=java.base/java.nio.charset=ALL-UNNAMED --add-opens=java.base/java.net=ALL-UNNAMED --add-opens=java.base/java.util.concurrent.atomic=ALL-UNNAMED -Xmx2048m -Dfile.encoding=UTF-8 -Duser.country=BR -Duser.language=pt -Duser.variant org.gradle.launcher.daemon.bootstrap.GradleDaemon 8.0

Host: Intel(R) Core(TM) i3-7020U CPU @ 2.30GHz, 4 cores, 3G,  Windows 11 , 64 bit Build 22621 (10.0.22621.2428)
Time: Wed Nov 15 08:18:45 2023 Hora oficial do Brasil elapsed time: 577.672085 seconds (0d 0h 9m 37s)

---------------  T H R E A D  ---------------

Current thread (0x0000023a775e5d90):  JavaThread "C2 CompilerThread0" daemon [_thread_in_native, id=10860, stack(0x000000f22b600000,0x000000f22b700000)]


Current CompileTask:
C2: 577672 6503   !   4       java.net.URLClassLoader::findClass (47 bytes)

Stack: [0x000000f22b600000,0x000000f22b700000]
Native frames: (J=compiled Java code, j=interpreted, Vv=VM code, C=native code)
V  [jvm.dll+0x68543a]
V  [jvm.dll+0x844c34]
V  [jvm.dll+0x84654e]
V  [jvm.dll+0x846bb3]
V  [jvm.dll+0x24b92f]
V  [jvm.dll+0xac3bc]
V  [jvm.dll+0xac98c]
V  [jvm.dll+0x36b0f7]
V  [jvm.dll+0x1be698]
V  [jvm.dll+0x21daa9]
V  [jvm.dll+0x21cd71]
V  [jvm.dll+0x1a676d]
V  [jvm.dll+0x22cb28]
V  [jvm.dll+0x22aaf0]
V  [jvm.dll+0x7f9cec]
V  [jvm.dll+0x7f410a]
V  [jvm.dll+0x6842c5]
C  [ucrtbase.dll+0x29363]
C  [KERNEL32.DLL+0x1257d]
C  [ntdll.dll+0x5aa78]


---------------  P R O C E S S  ---------------

Threads class SMR info:
_java_thread_list=0x0000023a7dea6b60, length=79, elements={
0x0000023a5db759a0, 0x0000023a7745f150, 0x0000023a7745ffd0, 0x0000023a775ad7f0,
0x0000023a775dd700, 0x0000023a775e01d0, 0x0000023a775e0b90, 0x0000023a775e5d90,
0x0000023a775ee850, 0x0000023a775f1260, 0x0000023a77786030, 0x0000023a77789530,
0x0000023a7d4a1010, 0x0000023a7caa5e00, 0x0000023a7cf4f980, 0x0000023a7d6605b0,
0x0000023a7d662410, 0x0000023a7d660fd0, 0x0000023a7d663850, 0x0000023a7d662920,
0x0000023a7d6614e0, 0x0000023a7e0fbfa0, 0x0000023a7e0fb580, 0x0000023a7e0fb070,
0x0000023a7e0f7dd0, 0x0000023a7e0f82e0, 0x0000023a7e0fced0, 0x0000023a7e0f5a60,
0x0000023a7e0f9c30, 0x0000023a7e0f6480, 0x0000023a7e0f87f0, 0x0000023a7e0f8d00,
0x0000023a7e0fab60, 0x0000023a7e0fc4b0, 0x0000023a7e0f9210, 0x0000023a7e0f9720,
0x0000023a7e0f5f70, 0x0000023a7e0fc9c0, 0x0000023a7e0fa140, 0x0000023a7e0fd3e0,
0x0000023a7e0f6990, 0x0000023a7e0f6ea0, 0x0000023a7e0f73b0, 0x0000023a7e0f78c0,
0x0000023a7d660ac0, 0x0000023a7d6619f0, 0x0000023a7d662e30, 0x0000023a7d663340,
0x0000023a7d6600a0, 0x0000023a7e1324c0, 0x0000023a7e1329d0, 0x0000023a7e132ee0,
0x0000023a7e131080, 0x0000023a7e12d3c0, 0x0000023a7e12d8d0, 0x0000023a7e12ed10,
0x0000023a7e134320, 0x0000023a7e12f220, 0x0000023a7e130150, 0x0000023a7e12f730,
0x0000023a7e130660, 0x0000023a7e1333f0, 0x0000023a7e12e800, 0x0000023a7e12fc40,
0x0000023a7e131fb0, 0x0000023a7e131aa0, 0x0000023a7e130b70, 0x0000023a7e131590,
0x0000023a7e133900, 0x0000023a7e133e10, 0x0000023a7e12ceb0, 0x0000023a7e134830,
0x0000023a7e12dde0, 0x0000023a7e12e2f0, 0x0000023a7e0b5a60, 0x0000023a7e0bab60,
0x0000023a7e0b8d00, 0x0000023a7e0b9c30, 0x0000023a7e0bc9c0
}

Java Threads: ( => current thread )
  0x0000023a5db759a0 JavaThread "main" [_thread_blocked, id=2728, stack(0x000000f22a900000,0x000000f22aa00000)]
  0x0000023a7745f150 JavaThread "Reference Handler" daemon [_thread_blocked, id=18396, stack(0x000000f22b000000,0x000000f22b100000)]
  0x0000023a7745ffd0 JavaThread "Finalizer" daemon [_thread_blocked, id=8868, stack(0x000000f22b100000,0x000000f22b200000)]
  0x0000023a775ad7f0 JavaThread "Signal Dispatcher" daemon [_thread_blocked, id=9676, stack(0x000000f22b200000,0x000000f22b300000)]
  0x0000023a775dd700 JavaThread "Attach Listener" daemon [_thread_blocked, id=10208, stack(0x000000f22b300000,0x000000f22b400000)]
  0x0000023a775e01d0 JavaThread "Service Thread" daemon [_thread_blocked, id=17280, stack(0x000000f22b400000,0x000000f22b500000)]
  0x0000023a775e0b90 JavaThread "Monitor Deflation Thread" daemon [_thread_blocked, id=13980, stack(0x000000f22b500000,0x000000f22b600000)]
=>0x0000023a775e5d90 JavaThread "C2 CompilerThread0" daemon [_thread_in_native, id=10860, stack(0x000000f22b600000,0x000000f22b700000)]
  0x0000023a775ee850 JavaThread "C1 CompilerThread0" daemon [_thread_blocked, id=11336, stack(0x000000f22b700000,0x000000f22b800000)]
  0x0000023a775f1260 JavaThread "Sweeper thread" daemon [_thread_blocked, id=4176, stack(0x000000f22b800000,0x000000f22b900000)]
  0x0000023a77786030 JavaThread "Common-Cleaner" daemon [_thread_blocked, id=11984, stack(0x000000f22b900000,0x000000f22ba00000)]
  0x0000023a77789530 JavaThread "Notification Thread" daemon [_thread_blocked, id=13816, stack(0x000000f22ba00000,0x000000f22bb00000)]
  0x0000023a7d4a1010 JavaThread "Daemon health stats" [_thread_blocked, id=9332, stack(0x000000f22bf00000,0x000000f22c000000)]
  0x0000023a7caa5e00 JavaThread "Incoming local TCP Connector on port 50215" [_thread_in_native, id=17168, stack(0x000000f22c000000,0x000000f22c100000)]
  0x0000023a7cf4f980 JavaThread "Daemon periodic checks" [_thread_blocked, id=6440, stack(0x000000f22c100000,0x000000f22c200000)]
  0x0000023a7d6605b0 JavaThread "Cache worker for journal cache (C:\Users\luizm\.gradle\caches\journal-1)" [_thread_blocked, id=13784, stack(0x000000f22c900000,0x000000f22ca00000)]
  0x0000023a7d662410 JavaThread "File lock request listener" [_thread_in_native, id=4212, stack(0x000000f22ca00000,0x000000f22cb00000)]
  0x0000023a7d660fd0 JavaThread "Cache worker for file hash cache (C:\Users\luizm\.gradle\caches\8.0\fileHashes)" [_thread_blocked, id=16720, stack(0x000000f22cb00000,0x000000f22cc00000)]
  0x0000023a7d663850 JavaThread "File watcher server" daemon [_thread_in_native, id=11936, stack(0x000000f22cc00000,0x000000f22cd00000)]
  0x0000023a7d662920 JavaThread "File watcher consumer" daemon [_thread_blocked, id=17632, stack(0x000000f22cd00000,0x000000f22ce00000)]
  0x0000023a7d6614e0 JavaThread "Cache worker for file content cache (C:\Users\luizm\.gradle\caches\8.0\fileContent)" [_thread_blocked, id=11876, stack(0x000000f22d000000,0x000000f22d100000)]
  0x0000023a7e0fbfa0 JavaThread "Cache worker for execution history cache (C:\Users\luizm\.gradle\caches\8.0\executionHistory)" [_thread_blocked, id=15740, stack(0x000000f22d300000,0x000000f22d400000)]
  0x0000023a7e0fb580 JavaThread "jar transforms" [_thread_blocked, id=16892, stack(0x000000f22d400000,0x000000f22d500000)]
  0x0000023a7e0fb070 JavaThread "jar transforms Thread 2" [_thread_blocked, id=12236, stack(0x000000f22d500000,0x000000f22d600000)]
  0x0000023a7e0f7dd0 JavaThread "jar transforms Thread 3" [_thread_blocked, id=11548, stack(0x000000f22d600000,0x000000f22d700000)]
  0x0000023a7e0f82e0 JavaThread "jar transforms Thread 4" [_thread_blocked, id=7552, stack(0x000000f22d700000,0x000000f22d800000)]
  0x0000023a7e0fced0 JavaThread "Daemon Thread 2" [_thread_blocked, id=10272, stack(0x000000f22a600000,0x000000f22a700000)]
  0x0000023a7e0f5a60 JavaThread "Handler for socket connection from /127.0.0.1:50215 to /127.0.0.1:50622" [_thread_in_native, id=8892, stack(0x000000f22a700000,0x000000f22a800000)]
  0x0000023a7e0f9c30 JavaThread "Cancel handler" [_thread_blocked, id=12064, stack(0x000000f22a800000,0x000000f22a900000)]
  0x0000023a7e0f6480 JavaThread "Daemon worker Thread 2" [_thread_in_vm, id=4404, stack(0x000000f22c200000,0x000000f22c300000)]
  0x0000023a7e0f87f0 JavaThread "Asynchronous log dispatcher for DefaultDaemonConnection: socket connection from /127.0.0.1:50215 to /127.0.0.1:50622" [_thread_blocked, id=13844, stack(0x000000f22c300000,0x000000f22c400000)]
  0x0000023a7e0f8d00 JavaThread "Stdin handler" [_thread_blocked, id=16212, stack(0x000000f22c400000,0x000000f22c500000)]
  0x0000023a7e0fab60 JavaThread "Daemon client event forwarder" [_thread_blocked, id=11836, stack(0x000000f22c500000,0x000000f22c600000)]
  0x0000023a7e0fc4b0 JavaThread "Cache worker for checksums cache (C:\Users\luizm\OneDrive\Documentos\GitHub\Lionnez\Programa\.gradle\8.0\checksums)" [_thread_blocked, id=14848, stack(0x000000f22c600000,0x000000f22c700000)]
  0x0000023a7e0f9210 JavaThread "Cache worker for cache directory md-rule (C:\Users\luizm\.gradle\caches\8.0\md-rule)" [_thread_blocked, id=12304, stack(0x000000f22c700000,0x000000f22c800000)]
  0x0000023a7e0f9720 JavaThread "Cache worker for file hash cache (C:\Users\luizm\OneDrive\Documentos\GitHub\Lionnez\Programa\.gradle\8.0\fileHashes)" [_thread_blocked, id=11472, stack(0x000000f22c800000,0x000000f22c900000)]
  0x0000023a7e0f5f70 JavaThread "Cache worker for cache directory md-supplier (C:\Users\luizm\.gradle\caches\8.0\md-supplier)" [_thread_blocked, id=8432, stack(0x000000f22ce00000,0x000000f22cf00000)]
  0x0000023a7e0fc9c0 JavaThread "Cache worker for dependencies-accessors (C:\Users\luizm\OneDrive\Documentos\GitHub\Lionnez\Programa\.gradle\8.0\dependencies-accessors)" [_thread_blocked, id=2988, stack(0x000000f22cf00000,0x000000f22d000000)]
  0x0000023a7e0fa140 JavaThread "Cache worker for Build Output Cleanup Cache (C:\Users\luizm\OneDrive\Documentos\GitHub\Lionnez\Programa\.gradle\buildOutputCleanup)" [_thread_blocked, id=3676, stack(0x000000f22d100000,0x000000f22d200000)]
  0x0000023a7e0fd3e0 JavaThread "Unconstrained build operations" [_thread_blocked, id=10320, stack(0x000000f22d200000,0x000000f22d300000)]
  0x0000023a7e0f6990 JavaThread "Unconstrained build operations Thread 2" [_thread_blocked, id=17328, stack(0x000000f22d800000,0x000000f22d900000)]
  0x0000023a7e0f6ea0 JavaThread "Unconstrained build operations Thread 3" [_thread_blocked, id=12180, stack(0x000000f22d900000,0x000000f22da00000)]
  0x0000023a7e0f73b0 JavaThread "Unconstrained build operations Thread 4" [_thread_blocked, id=9740, stack(0x000000f22da00000,0x000000f22db00000)]
  0x0000023a7e0f78c0 JavaThread "Unconstrained build operations Thread 5" [_thread_blocked, id=1688, stack(0x000000f22db00000,0x000000f22dc00000)]
  0x0000023a7d660ac0 JavaThread "Unconstrained build operations Thread 6" [_thread_blocked, id=12376, stack(0x000000f22dc00000,0x000000f22dd00000)]
  0x0000023a7d6619f0 JavaThread "Unconstrained build operations Thread 7" [_thread_blocked, id=18296, stack(0x000000f22dd00000,0x000000f22de00000)]
  0x0000023a7d662e30 JavaThread "Unconstrained build operations Thread 8" [_thread_blocked, id=11348, stack(0x000000f22de00000,0x000000f22df00000)]
  0x0000023a7d663340 JavaThread "Unconstrained build operations Thread 9" [_thread_blocked, id=5240, stack(0x000000f22df00000,0x000000f22e000000)]
  0x0000023a7d6600a0 JavaThread "Unconstrained build operations Thread 10" [_thread_blocked, id=1564, stack(0x000000f22e000000,0x000000f22e100000)]
  0x0000023a7e1324c0 JavaThread "Unconstrained build operations Thread 11" [_thread_blocked, id=1424, stack(0x000000f22e100000,0x000000f22e200000)]
  0x0000023a7e1329d0 JavaThread "Unconstrained build operations Thread 12" [_thread_blocked, id=17848, stack(0x000000f22e200000,0x000000f22e300000)]
  0x0000023a7e132ee0 JavaThread "Unconstrained build operations Thread 13" [_thread_blocked, id=14264, stack(0x000000f22e300000,0x000000f22e400000)]
  0x0000023a7e131080 JavaThread "Unconstrained build operations Thread 14" [_thread_blocked, id=13688, stack(0x000000f22e400000,0x000000f22e500000)]
  0x0000023a7e12d3c0 JavaThread "Unconstrained build operations Thread 15" [_thread_blocked, id=16040, stack(0x000000f22e500000,0x000000f22e600000)]
  0x0000023a7e12d8d0 JavaThread "Unconstrained build operations Thread 16" [_thread_blocked, id=16380, stack(0x000000f22e600000,0x000000f22e700000)]
  0x0000023a7e12ed10 JavaThread "Unconstrained build operations Thread 17" [_thread_blocked, id=15492, stack(0x000000f22e700000,0x000000f22e800000)]
  0x0000023a7e134320 JavaThread "Unconstrained build operations Thread 18" [_thread_blocked, id=7396, stack(0x000000f22e800000,0x000000f22e900000)]
  0x0000023a7e12f220 JavaThread "Unconstrained build operations Thread 19" [_thread_blocked, id=9364, stack(0x000000f22e900000,0x000000f22ea00000)]
  0x0000023a7e130150 JavaThread "Unconstrained build operations Thread 20" [_thread_blocked, id=17700, stack(0x000000f22ea00000,0x000000f22eb00000)]
  0x0000023a7e12f730 JavaThread "Unconstrained build operations Thread 21" [_thread_blocked, id=3696, stack(0x000000f22eb00000,0x000000f22ec00000)]
  0x0000023a7e130660 JavaThread "Unconstrained build operations Thread 22" [_thread_blocked, id=17404, stack(0x000000f22ec00000,0x000000f22ed00000)]
  0x0000023a7e1333f0 JavaThread "Unconstrained build operations Thread 23" [_thread_blocked, id=8684, stack(0x000000f22ed00000,0x000000f22ee00000)]
  0x0000023a7e12e800 JavaThread "Unconstrained build operations Thread 24" [_thread_blocked, id=15288, stack(0x000000f22ee00000,0x000000f22ef00000)]
  0x0000023a7e12fc40 JavaThread "Unconstrained build operations Thread 25" [_thread_blocked, id=2624, stack(0x000000f22ef00000,0x000000f22f000000)]
  0x0000023a7e131fb0 JavaThread "Unconstrained build operations Thread 26" [_thread_blocked, id=3248, stack(0x000000f22f000000,0x000000f22f100000)]
  0x0000023a7e131aa0 JavaThread "Unconstrained build operations Thread 27" [_thread_blocked, id=9620, stack(0x000000f22f100000,0x000000f22f200000)]
  0x0000023a7e130b70 JavaThread "Unconstrained build operations Thread 28" [_thread_blocked, id=3284, stack(0x000000f22f200000,0x000000f22f300000)]
  0x0000023a7e131590 JavaThread "Unconstrained build operations Thread 29" [_thread_blocked, id=15532, stack(0x000000f22f300000,0x000000f22f400000)]
  0x0000023a7e133900 JavaThread "Unconstrained build operations Thread 30" [_thread_blocked, id=14408, stack(0x000000f22f400000,0x000000f22f500000)]
  0x0000023a7e133e10 JavaThread "Unconstrained build operations Thread 31" [_thread_blocked, id=2920, stack(0x000000f22f500000,0x000000f22f600000)]
  0x0000023a7e12ceb0 JavaThread "Unconstrained build operations Thread 32" [_thread_blocked, id=17336, stack(0x000000f22f600000,0x000000f22f700000)]
  0x0000023a7e134830 JavaThread "Unconstrained build operations Thread 33" [_thread_blocked, id=11132, stack(0x000000f22f700000,0x000000f22f800000)]
  0x0000023a7e12dde0 JavaThread "Unconstrained build operations Thread 34" [_thread_blocked, id=7748, stack(0x000000f22f800000,0x000000f22f900000)]
  0x0000023a7e12e2f0 JavaThread "Unconstrained build operations Thread 35" [_thread_blocked, id=17268, stack(0x000000f22f900000,0x000000f22fa00000)]
  0x0000023a7e0b5a60 JavaThread "Unconstrained build operations Thread 36" [_thread_blocked, id=14596, stack(0x000000f22fa00000,0x000000f22fb00000)]
  0x0000023a7e0bab60 JavaThread "Unconstrained build operations Thread 37" [_thread_blocked, id=16956, stack(0x000000f22fb00000,0x000000f22fc00000)]
  0x0000023a7e0b8d00 JavaThread "Unconstrained build operations Thread 38" [_thread_blocked, id=8228, stack(0x000000f22fc00000,0x000000f22fd00000)]
  0x0000023a7e0b9c30 JavaThread "Unconstrained build operations Thread 39" [_thread_blocked, id=14748, stack(0x000000f22fd00000,0x000000f22fe00000)]
  0x0000023a7e0bc9c0 JavaThread "Unconstrained build operations Thread 40" [_thread_blocked, id=10604, stack(0x000000f22fe00000,0x000000f22ff00000)]

Other Threads:
  0x0000023a774055a0 VMThread "VM Thread" [stack: 0x000000f22af00000,0x000000f22b000000] [id=16732]
  0x0000023a5dbeca80 WatcherThread [stack: 0x000000f22bb00000,0x000000f22bc00000] [id=11128]
  0x0000023a5dbcfc90 GCTaskThread "GC Thread#0" [stack: 0x000000f22aa00000,0x000000f22ab00000] [id=10300]
  0x0000023a7c30d860 GCTaskThread "GC Thread#1" [stack: 0x000000f22bc00000,0x000000f22bd00000] [id=15820]
  0x0000023a7c061620 GCTaskThread "GC Thread#2" [stack: 0x000000f22bd00000,0x000000f22be00000] [id=14536]
  0x0000023a7c7289e0 GCTaskThread "GC Thread#3" [stack: 0x000000f22be00000,0x000000f22bf00000] [id=17020]
  0x0000023a5dbe0be0 ConcurrentGCThread "G1 Main Marker" [stack: 0x000000f22ab00000,0x000000f22ac00000] [id=13492]
  0x0000023a5dbe15f0 ConcurrentGCThread "G1 Conc#0" [stack: 0x000000f22ac00000,0x000000f22ad00000] [id=10268]
  0x0000023a772c4350 ConcurrentGCThread "G1 Refine#0" [stack: 0x000000f22ad00000,0x000000f22ae00000] [id=4064]
  0x0000023a5dc21420 ConcurrentGCThread "G1 Service" [stack: 0x000000f22ae00000,0x000000f22af00000] [id=244]

Threads with active compile tasks:
C2 CompilerThread0   577943 6503   !   4       java.net.URLClassLoader::findClass (47 bytes)

VM state: not at safepoint (normal execution)

VM Mutex/Monitor currently owned by a thread:  ([mutex/lock_event])
[0x0000023a5db70790] Metaspace_lock - owner thread: 0x0000023a7e0f6480

Heap address: 0x0000000080000000, size: 2048 MB, Compressed Oops mode: 32-bit

CDS archive(s) not mapped
Compressed class space mapped at: 0x0000000100000000-0x0000000140000000, reserved size: 1073741824
Narrow klass base: 0x0000000000000000, Narrow klass shift: 3, Narrow klass range: 0x140000000

GC Precious Log:
 CPUs: 4 total, 4 available
 Memory: 4010M
 Large Page Support: Disabled
 NUMA Support: Disabled
 Compressed Oops: Enabled (32-bit)
 Heap Region Size: 1M
 Heap Min Capacity: 8M
 Heap Initial Capacity: 64M
 Heap Max Capacity: 2G
 Pre-touch: Disabled
 Parallel Workers: 4
 Concurrent Workers: 1
 Concurrent Refinement Workers: 4
 Periodic GC: Disabled

Heap:
 garbage-first heap   total 78848K, used 61543K [0x0000000080000000, 0x0000000100000000)
  region size 1024K, 15 young (15360K), 1 survivors (1024K)
 Metaspace       used 56838K, committed 57344K, reserved 1114112K
  class space    used 7509K, committed 7744K, reserved 1048576K

Heap Regions: E=young(eden), S=young(survivor), O=old, HS=humongous(starts), HC=humongous(continues), CS=collection set, F=free, OA=open archive, CA=closed archive, TAMS=top-at-mark-start (previous, next)
|   0|0x0000000080000000, 0x0000000080100000, 0x0000000080100000|100%| O|  |TAMS 0x0000000080100000, 0x0000000080000000| Untracked 
|   1|0x0000000080100000, 0x0000000080200000, 0x0000000080200000|100%| O|  |TAMS 0x0000000080200000, 0x0000000080100000| Untracked 
|   2|0x0000000080200000, 0x0000000080300000, 0x0000000080300000|100%|HS|  |TAMS 0x0000000080300000, 0x0000000080200000| Complete 
|   3|0x0000000080300000, 0x0000000080400000, 0x0000000080400000|100%|HC|  |TAMS 0x0000000080400000, 0x0000000080300000| Complete 
|   4|0x0000000080400000, 0x0000000080500000, 0x0000000080500000|100%|HC|  |TAMS 0x0000000080500000, 0x0000000080400000| Complete 
|   5|0x0000000080500000, 0x0000000080600000, 0x0000000080600000|100%|HC|  |TAMS 0x0000000080600000, 0x0000000080500000| Complete 
|   6|0x0000000080600000, 0x0000000080700000, 0x0000000080700000|100%| O|  |TAMS 0x0000000080700000, 0x0000000080600000| Untracked 
|   7|0x0000000080700000, 0x0000000080800000, 0x0000000080800000|100%| O|  |TAMS 0x0000000080800000, 0x0000000080700000| Untracked 
|   8|0x0000000080800000, 0x0000000080900000, 0x0000000080900000|100%| O|  |TAMS 0x0000000080900000, 0x0000000080800000| Untracked 
|   9|0x0000000080900000, 0x0000000080a00000, 0x0000000080a00000|100%| O|  |TAMS 0x0000000080a00000, 0x0000000080900000| Untracked 
|  10|0x0000000080a00000, 0x0000000080b00000, 0x0000000080b00000|100%| O|  |TAMS 0x0000000080b00000, 0x0000000080a00000| Untracked 
|  11|0x0000000080b00000, 0x0000000080c00000, 0x0000000080c00000|100%| O|  |TAMS 0x0000000080c00000, 0x0000000080b00000| Untracked 
|  12|0x0000000080c00000, 0x0000000080d00000, 0x0000000080d00000|100%| O|  |TAMS 0x0000000080d00000, 0x0000000080c00000| Untracked 
|  13|0x0000000080d00000, 0x0000000080e00000, 0x0000000080e00000|100%| O|  |TAMS 0x0000000080e00000, 0x0000000080d00000| Untracked 
|  14|0x0000000080e00000, 0x0000000080f00000, 0x0000000080f00000|100%| O|  |TAMS 0x0000000080f00000, 0x0000000080e00000| Untracked 
|  15|0x0000000080f00000, 0x0000000081000000, 0x0000000081000000|100%| O|  |TAMS 0x0000000081000000, 0x0000000080f00000| Untracked 
|  16|0x0000000081000000, 0x0000000081100000, 0x0000000081100000|100%| O|  |TAMS 0x0000000081100000, 0x0000000081000000| Untracked 
|  17|0x0000000081100000, 0x0000000081200000, 0x0000000081200000|100%| O|  |TAMS 0x0000000081200000, 0x0000000081100000| Untracked 
|  18|0x0000000081200000, 0x0000000081300000, 0x0000000081300000|100%| O|  |TAMS 0x0000000081300000, 0x0000000081200000| Untracked 
|  19|0x0000000081300000, 0x0000000081400000, 0x0000000081400000|100%| O|  |TAMS 0x0000000081400000, 0x0000000081300000| Untracked 
|  20|0x0000000081400000, 0x0000000081500000, 0x0000000081500000|100%| O|  |TAMS 0x0000000081500000, 0x0000000081400000| Untracked 
|  21|0x0000000081500000, 0x0000000081600000, 0x0000000081600000|100%| O|  |TAMS 0x0000000081600000, 0x0000000081500000| Untracked 
|  22|0x0000000081600000, 0x0000000081700000, 0x0000000081700000|100%| O|  |TAMS 0x0000000081700000, 0x0000000081600000| Untracked 
|  23|0x0000000081700000, 0x0000000081800000, 0x0000000081800000|100%| O|  |TAMS 0x0000000081800000, 0x0000000081700000| Untracked 
|  24|0x0000000081800000, 0x0000000081900000, 0x0000000081900000|100%| O|  |TAMS 0x0000000081900000, 0x0000000081800000| Untracked 
|  25|0x0000000081900000, 0x0000000081a00000, 0x0000000081a00000|100%| O|  |TAMS 0x0000000081a00000, 0x0000000081900000| Untracked 
|  26|0x0000000081a00000, 0x0000000081b00000, 0x0000000081b00000|100%| O|  |TAMS 0x0000000081b00000, 0x0000000081a00000| Untracked 
|  27|0x0000000081b00000, 0x0000000081c00000, 0x0000000081c00000|100%| O|  |TAMS 0x0000000081c00000, 0x0000000081b00000| Untracked 
|  28|0x0000000081c00000, 0x0000000081d00000, 0x0000000081d00000|100%| O|  |TAMS 0x0000000081d00000, 0x0000000081c00000| Untracked 
|  29|0x0000000081d00000, 0x0000000081e00000, 0x0000000081e00000|100%| O|  |TAMS 0x0000000081e00000, 0x0000000081d00000| Untracked 
|  30|0x0000000081e00000, 0x0000000081e00000, 0x0000000081f00000|  0%| F|  |TAMS 0x0000000081e00000, 0x0000000081e00000| Untracked 
|  31|0x0000000081f00000, 0x0000000082000000, 0x0000000082000000|100%| O|  |TAMS 0x0000000082000000, 0x0000000081f00000| Untracked 
|  32|0x0000000082000000, 0x0000000082100000, 0x0000000082100000|100%| O|  |TAMS 0x0000000082100000, 0x0000000082000000| Untracked 
|  33|0x0000000082100000, 0x0000000082200000, 0x0000000082200000|100%| O|  |TAMS 0x00000000821b4200, 0x0000000082100000| Untracked 
|  34|0x0000000082200000, 0x0000000082300000, 0x0000000082300000|100%| O|  |TAMS 0x0000000082200000, 0x0000000082200000| Untracked 
|  35|0x0000000082300000, 0x0000000082400000, 0x0000000082400000|100%| O|  |TAMS 0x0000000082300000, 0x0000000082300000| Untracked 
|  36|0x0000000082400000, 0x0000000082500000, 0x0000000082500000|100%| O|  |TAMS 0x0000000082400000, 0x0000000082400000| Untracked 
|  37|0x0000000082500000, 0x0000000082600000, 0x0000000082600000|100%|HS|  |TAMS 0x0000000082500000, 0x0000000082500000| Complete 
|  38|0x0000000082600000, 0x0000000082700000, 0x0000000082700000|100%|HS|  |TAMS 0x0000000082600000, 0x0000000082600000| Complete 
|  39|0x0000000082700000, 0x0000000082800000, 0x0000000082800000|100%|HS|  |TAMS 0x0000000082700000, 0x0000000082700000| Complete 
|  40|0x0000000082800000, 0x0000000082900000, 0x0000000082900000|100%| O|  |TAMS 0x0000000082800000, 0x0000000082800000| Untracked 
|  41|0x0000000082900000, 0x0000000082a00000, 0x0000000082a00000|100%| O|  |TAMS 0x0000000082900000, 0x0000000082900000| Untracked 
|  42|0x0000000082a00000, 0x0000000082b00000, 0x0000000082b00000|100%| O|  |TAMS 0x0000000082a00000, 0x0000000082a00000| Untracked 
|  43|0x0000000082b00000, 0x0000000082c00000, 0x0000000082c00000|100%| O|  |TAMS 0x0000000082b00000, 0x0000000082b00000| Untracked 
|  44|0x0000000082c00000, 0x0000000082d00000, 0x0000000082d00000|100%| O|  |TAMS 0x0000000082c00000, 0x0000000082c00000| Untracked 
|  45|0x0000000082d00000, 0x0000000082e00000, 0x0000000082e00000|100%| O|  |TAMS 0x0000000082d00000, 0x0000000082d00000| Untracked 
|  46|0x0000000082e00000, 0x0000000082f00000, 0x0000000082f00000|100%| O|  |TAMS 0x0000000082e00000, 0x0000000082e00000| Untracked 
|  47|0x0000000082f00000, 0x0000000082f00000, 0x0000000083000000|  0%| F|  |TAMS 0x0000000082f00000, 0x0000000082f00000| Untracked 
|  48|0x0000000083000000, 0x0000000083000000, 0x0000000083100000|  0%| F|  |TAMS 0x0000000083000000, 0x0000000083000000| Untracked 
|  49|0x0000000083100000, 0x0000000083100000, 0x0000000083200000|  0%| F|  |TAMS 0x0000000083100000, 0x0000000083100000| Untracked 
|  50|0x0000000083200000, 0x0000000083200000, 0x0000000083300000|  0%| F|  |TAMS 0x0000000083200000, 0x0000000083200000| Untracked 
|  51|0x0000000083300000, 0x00000000833dec00, 0x0000000083400000| 87%| O|  |TAMS 0x0000000083300000, 0x0000000083300000| Untracked 
|  52|0x0000000083400000, 0x0000000083400000, 0x0000000083500000|  0%| F|  |TAMS 0x0000000083400000, 0x0000000083400000| Untracked 
|  53|0x0000000083500000, 0x0000000083500000, 0x0000000083600000|  0%| F|  |TAMS 0x0000000083500000, 0x0000000083500000| Untracked 
|  54|0x0000000083600000, 0x0000000083600000, 0x0000000083700000|  0%| F|  |TAMS 0x0000000083600000, 0x0000000083600000| Untracked 
|  55|0x0000000083700000, 0x0000000083700000, 0x0000000083800000|  0%| F|  |TAMS 0x0000000083700000, 0x0000000083700000| Untracked 
|  56|0x0000000083800000, 0x0000000083800000, 0x0000000083900000|  0%| F|  |TAMS 0x0000000083800000, 0x0000000083800000| Untracked 
|  57|0x0000000083900000, 0x0000000083900000, 0x0000000083a00000|  0%| F|  |TAMS 0x0000000083900000, 0x0000000083900000| Untracked 
|  58|0x0000000083a00000, 0x0000000083a00000, 0x0000000083b00000|  0%| F|  |TAMS 0x0000000083a00000, 0x0000000083a00000| Untracked 
|  59|0x0000000083b00000, 0x0000000083b00000, 0x0000000083c00000|  0%| F|  |TAMS 0x0000000083b00000, 0x0000000083b00000| Untracked 
|  60|0x0000000083c00000, 0x0000000083c00000, 0x0000000083d00000|  0%| F|  |TAMS 0x0000000083c00000, 0x0000000083c00000| Untracked 
|  61|0x0000000083d00000, 0x0000000083d00000, 0x0000000083e00000|  0%| F|  |TAMS 0x0000000083d00000, 0x0000000083d00000| Untracked 
|  62|0x0000000083e00000, 0x0000000083e81180, 0x0000000083f00000| 50%| E|  |TAMS 0x0000000083e00000, 0x0000000083e00000| Complete 
|  63|0x0000000083f00000, 0x0000000084000000, 0x0000000084000000|100%| E|CS|TAMS 0x0000000083f00000, 0x0000000083f00000| Complete 
|  64|0x0000000084000000, 0x0000000084100000, 0x0000000084100000|100%| E|CS|TAMS 0x0000000084000000, 0x0000000084000000| Complete 
|  65|0x0000000084100000, 0x0000000084200000, 0x0000000084200000|100%| E|CS|TAMS 0x0000000084100000, 0x0000000084100000| Complete 
|  66|0x0000000084200000, 0x0000000084300000, 0x0000000084300000|100%| E|CS|TAMS 0x0000000084200000, 0x0000000084200000| Complete 
|  67|0x0000000084300000, 0x0000000084400000, 0x0000000084400000|100%| E|CS|TAMS 0x0000000084300000, 0x0000000084300000| Complete 
|  68|0x0000000084400000, 0x0000000084500000, 0x0000000084500000|100%| E|CS|TAMS 0x0000000084400000, 0x0000000084400000| Complete 
|  69|0x0000000084500000, 0x0000000084600000, 0x0000000084600000|100%| E|CS|TAMS 0x0000000084500000, 0x0000000084500000| Complete 
|  70|0x0000000084600000, 0x0000000084700000, 0x0000000084700000|100%| E|CS|TAMS 0x0000000084600000, 0x0000000084600000| Complete 
|  71|0x0000000084700000, 0x0000000084800000, 0x0000000084800000|100%| E|CS|TAMS 0x0000000084700000, 0x0000000084700000| Complete 
|  72|0x0000000084800000, 0x0000000084900000, 0x0000000084900000|100%| E|CS|TAMS 0x0000000084800000, 0x0000000084800000| Complete 
|  73|0x0000000084900000, 0x0000000084a00000, 0x0000000084a00000|100%| E|CS|TAMS 0x0000000084900000, 0x0000000084900000| Complete 
|  74|0x0000000084a00000, 0x0000000084b00000, 0x0000000084b00000|100%| E|CS|TAMS 0x0000000084a00000, 0x0000000084a00000| Complete 
|  75|0x0000000084b00000, 0x0000000084b3b120, 0x0000000084c00000| 23%| S|CS|TAMS 0x0000000084b00000, 0x0000000084b00000| Complete 
|  76|0x0000000084c00000, 0x0000000084d00000, 0x0000000084d00000|100%| E|CS|TAMS 0x0000000084c00000, 0x0000000084c00000| Complete 

Card table byte_map: [0x0000023a70740000,0x0000023a70b40000] _byte_map_base: 0x0000023a70340000

Marking Bits (Prev, Next): (CMBitMap*) 0x0000023a5dbd02b0, (CMBitMap*) 0x0000023a5dbd02f0
 Prev Bits: [0x0000023a70f40000, 0x0000023a72f40000)
 Next Bits: [0x0000023a72f40000, 0x0000023a74f40000)

Polling page: 0x0000023a5ba90000

Metaspace:

Usage:
  Non-class:     48.17 MB used.
      Class:      7.33 MB used.
       Both:     55.51 MB used.

Virtual space:
  Non-class space:       64.00 MB reserved,      48.44 MB ( 76%) committed,  1 nodes.
      Class space:        1.00 GB reserved,       7.56 MB ( <1%) committed,  1 nodes.
             Both:        1.06 GB reserved,      56.00 MB (  5%) committed. 

Chunk freelists:
   Non-Class:  15.55 MB
       Class:  8.44 MB
        Both:  23.98 MB

MaxMetaspaceSize: unlimited
CompressedClassSpaceSize: 1.00 GB
Initial GC threshold: 21.00 MB
Current GC threshold: 87.00 MB
CDS: off
MetaspaceReclaimPolicy: balanced
 - commit_granule_bytes: 65536.
 - commit_granule_words: 8192.
 - virtual_space_node_default_size: 8388608.
 - enlarge_chunks_in_place: 1.
 - new_chunks_are_fully_committed: 0.
 - uncommit_free_chunks: 1.
 - use_allocation_guard: 0.
 - handle_deallocations: 1.


Internal statistics:

num_allocs_failed_limit: 9.
num_arena_births: 584.
num_arena_deaths: 0.
num_vsnodes_births: 2.
num_vsnodes_deaths: 0.
num_space_committed: 896.
num_space_uncommitted: 0.
num_chunks_returned_to_freelist: 9.
num_chunks_taken_from_freelist: 2467.
num_chunk_merges: 6.
num_chunk_splits: 1626.
num_chunks_enlarged: 1080.
num_inconsistent_stats: 0.

CodeHeap 'non-profiled nmethods': size=120000Kb used=2723Kb max_used=3380Kb free=117276Kb
 bounds [0x0000023a68e10000, 0x0000023a69160000, 0x0000023a70340000]
CodeHeap 'profiled nmethods': size=120000Kb used=10641Kb max_used=12852Kb free=109358Kb
 bounds [0x0000023a61340000, 0x0000023a61fd0000, 0x0000023a68870000]
CodeHeap 'non-nmethods': size=5760Kb used=2315Kb max_used=2388Kb free=3444Kb
 bounds [0x0000023a68870000, 0x0000023a68ae0000, 0x0000023a68e10000]
 total_blobs=6468 nmethods=5635 adapters=745
 compilation: enabled
              stopped_count=0, restarted_count=0
 full_count=0

Compilation events (20 events):
Event: 577.153 Thread 0x0000023a775ee850 6527       1       com.android.build.gradle.options.Stage::getStatus (5 bytes)
Event: 577.153 Thread 0x0000023a775ee850 nmethod 6527 0x0000023a68e74010 code [0x0000023a68e741a0, 0x0000023a68e74278]
Event: 577.156 Thread 0x0000023a775ee850 6528       3       com.google.common.collect.CollectPreconditions::checkEntryNotNull (100 bytes)
Event: 577.158 Thread 0x0000023a775ee850 nmethod 6528 0x0000023a61516490 code [0x0000023a615167a0, 0x0000023a615174a8]
Event: 577.158 Thread 0x0000023a775ee850 6530       2       java.lang.Integer::rotateLeft (9 bytes)
Event: 577.158 Thread 0x0000023a775ee850 nmethod 6530 0x0000023a61342d10 code [0x0000023a61342ea0, 0x0000023a61342f98]
Event: 577.158 Thread 0x0000023a775ee850 6529       1       com.google.common.collect.ImmutableEntry::getKey (5 bytes)
Event: 577.158 Thread 0x0000023a775ee850 nmethod 6529 0x0000023a68fb2590 code [0x0000023a68fb2720, 0x0000023a68fb27f8]
Event: 577.158 Thread 0x0000023a775ee850 6531       1       com.google.common.collect.ImmutableEntry::getValue (5 bytes)
Event: 577.158 Thread 0x0000023a775ee850 nmethod 6531 0x0000023a68fff410 code [0x0000023a68fff5a0, 0x0000023a68fff678]
Event: 577.166 Thread 0x0000023a775ee850 6532       3       com.google.common.collect.ImmutableMapEntry::<init> (12 bytes)
Event: 577.166 Thread 0x0000023a775ee850 nmethod 6532 0x0000023a613f2a10 code [0x0000023a613f2bc0, 0x0000023a613f2ec8]
Event: 577.166 Thread 0x0000023a775ee850 6533       3       com.google.common.collect.ImmutableEntry::<init> (15 bytes)
Event: 577.166 Thread 0x0000023a775ee850 nmethod 6533 0x0000023a613ea610 code [0x0000023a613ea7c0, 0x0000023a613eaa38]
Event: 577.166 Thread 0x0000023a775ee850 6534       3       com.google.common.collect.AbstractMapEntry::<init> (5 bytes)
Event: 577.167 Thread 0x0000023a775ee850 nmethod 6534 0x0000023a61396790 code [0x0000023a61396920, 0x0000023a61396a78]
Event: 577.167 Thread 0x0000023a775ee850 6535       1       com.google.common.collect.ImmutableMapEntry::isReusable (2 bytes)
Event: 577.167 Thread 0x0000023a775ee850 nmethod 6535 0x0000023a69007910 code [0x0000023a69007aa0, 0x0000023a69007b78]
Event: 577.178 Thread 0x0000023a775ee850 6536   !   3       org.gradle.cache.internal.DefaultCrossBuildInMemoryCacheFactory$AbstractCrossBuildInMemoryCache::get (65 bytes)
Event: 577.178 Thread 0x0000023a775ee850 nmethod 6536 0x0000023a61446090 code [0x0000023a61446280, 0x0000023a614467b8]

GC Heap History (20 events):
Event: 8.866 GC heap before
{Heap before GC invocations=9 (full 0):
 garbage-first heap   total 65536K, used 32425K [0x0000000080000000, 0x0000000100000000)
  region size 1024K, 14 young (14336K), 3 survivors (3072K)
 Metaspace       used 35788K, committed 36096K, reserved 1114112K
  class space    used 4908K, committed 5056K, reserved 1048576K
}
Event: 8.877 GC heap after
{Heap after GC invocations=10 (full 0):
 garbage-first heap   total 65536K, used 25036K [0x0000000080000000, 0x0000000100000000)
  region size 1024K, 3 young (3072K), 3 survivors (3072K)
 Metaspace       used 35788K, committed 36096K, reserved 1114112K
  class space    used 4908K, committed 5056K, reserved 1048576K
}
Event: 9.658 GC heap before
{Heap before GC invocations=11 (full 0):
 garbage-first heap   total 65536K, used 49612K [0x0000000080000000, 0x0000000100000000)
  region size 1024K, 28 young (28672K), 3 survivors (3072K)
 Metaspace       used 40513K, committed 40832K, reserved 1114112K
  class space    used 5368K, committed 5504K, reserved 1048576K
}
Event: 9.676 GC heap after
{Heap after GC invocations=12 (full 0):
 garbage-first heap   total 65536K, used 28120K [0x0000000080000000, 0x0000000100000000)
  region size 1024K, 4 young (4096K), 4 survivors (4096K)
 Metaspace       used 40513K, committed 40832K, reserved 1114112K
  class space    used 5368K, committed 5504K, reserved 1048576K
}
Event: 10.276 GC heap before
{Heap before GC invocations=13 (full 0):
 garbage-first heap   total 65536K, used 51672K [0x0000000080000000, 0x0000000100000000)
  region size 1024K, 25 young (25600K), 4 survivors (4096K)
 Metaspace       used 42660K, committed 43008K, reserved 1114112K
  class space    used 5574K, committed 5696K, reserved 1048576K
}
Event: 10.288 GC heap after
{Heap after GC invocations=14 (full 0):
 garbage-first heap   total 65536K, used 31208K [0x0000000080000000, 0x0000000100000000)
  region size 1024K, 3 young (3072K), 3 survivors (3072K)
 Metaspace       used 42660K, committed 43008K, reserved 1114112K
  class space    used 5574K, committed 5696K, reserved 1048576K
}
Event: 10.738 GC heap before
{Heap before GC invocations=14 (full 0):
 garbage-first heap   total 65536K, used 50664K [0x0000000080000000, 0x0000000100000000)
  region size 1024K, 22 young (22528K), 3 survivors (3072K)
 Metaspace       used 44024K, committed 44416K, reserved 1114112K
  class space    used 5796K, committed 5952K, reserved 1048576K
}
Event: 10.751 GC heap after
{Heap after GC invocations=15 (full 0):
 garbage-first heap   total 78848K, used 32935K [0x0000000080000000, 0x0000000100000000)
  region size 1024K, 2 young (2048K), 2 survivors (2048K)
 Metaspace       used 44024K, committed 44416K, reserved 1114112K
  class space    used 5796K, committed 5952K, reserved 1048576K
}
Event: 566.526 GC heap before
{Heap before GC invocations=15 (full 0):
 garbage-first heap   total 78848K, used 60583K [0x0000000080000000, 0x0000000100000000)
  region size 1024K, 29 young (29696K), 2 survivors (2048K)
 Metaspace       used 46730K, committed 47168K, reserved 1114112K
  class space    used 6185K, committed 6400K, reserved 1048576K
}
Event: 566.606 GC heap after
{Heap after GC invocations=16 (full 0):
 garbage-first heap   total 78848K, used 34477K [0x0000000080000000, 0x0000000100000000)
  region size 1024K, 4 young (4096K), 4 survivors (4096K)
 Metaspace       used 46730K, committed 47168K, reserved 1114112K
  class space    used 6185K, committed 6400K, reserved 1048576K
}
Event: 569.934 GC heap before
{Heap before GC invocations=16 (full 0):
 garbage-first heap   total 78848K, used 61101K [0x0000000080000000, 0x0000000100000000)
  region size 1024K, 30 young (30720K), 4 survivors (4096K)
 Metaspace       used 50398K, committed 50816K, reserved 1114112K
  class space    used 6642K, committed 6848K, reserved 1048576K
}
Event: 569.967 GC heap after
{Heap after GC invocations=17 (full 0):
 garbage-first heap   total 78848K, used 36001K [0x0000000080000000, 0x0000000100000000)
  region size 1024K, 4 young (4096K), 4 survivors (4096K)
 Metaspace       used 50398K, committed 50816K, reserved 1114112K
  class space    used 6642K, committed 6848K, reserved 1048576K
}
Event: 572.353 GC heap before
{Heap before GC invocations=17 (full 0):
 garbage-first heap   total 78848K, used 62625K [0x0000000080000000, 0x0000000100000000)
  region size 1024K, 30 young (30720K), 4 survivors (4096K)
 Metaspace       used 52661K, committed 53120K, reserved 1114112K
  class space    used 6932K, committed 7104K, reserved 1048576K
}
Event: 572.386 GC heap after
{Heap after GC invocations=18 (full 0):
 garbage-first heap   total 78848K, used 38293K [0x0000000080000000, 0x0000000100000000)
  region size 1024K, 4 young (4096K), 4 survivors (4096K)
 Metaspace       used 52661K, committed 53120K, reserved 1114112K
  class space    used 6932K, committed 7104K, reserved 1048576K
}
Event: 573.941 GC heap before
{Heap before GC invocations=18 (full 0):
 garbage-first heap   total 78848K, used 49557K [0x0000000080000000, 0x0000000100000000)
  region size 1024K, 17 young (17408K), 4 survivors (4096K)
 Metaspace       used 52986K, committed 53440K, reserved 1114112K
  class space    used 6955K, committed 7168K, reserved 1048576K
}
Event: 573.981 GC heap after
{Heap after GC invocations=19 (full 0):
 garbage-first heap   total 78848K, used 38935K [0x0000000080000000, 0x0000000100000000)
  region size 1024K, 2 young (2048K), 2 survivors (2048K)
 Metaspace       used 52986K, committed 53440K, reserved 1114112K
  class space    used 6955K, committed 7168K, reserved 1048576K
}
Event: 576.469 GC heap before
{Heap before GC invocations=20 (full 0):
 garbage-first heap   total 78848K, used 66583K [0x0000000080000000, 0x0000000100000000)
  region size 1024K, 26 young (26624K), 2 survivors (2048K)
 Metaspace       used 54804K, committed 55360K, reserved 1114112K
  class space    used 7214K, committed 7424K, reserved 1048576K
}
Event: 576.488 GC heap after
{Heap after GC invocations=21 (full 0):
 garbage-first heap   total 78848K, used 48384K [0x0000000080000000, 0x0000000100000000)
  region size 1024K, 4 young (4096K), 4 survivors (4096K)
 Metaspace       used 54804K, committed 55360K, reserved 1114112K
  class space    used 7214K, committed 7424K, reserved 1048576K
}
Event: 576.626 GC heap before
{Heap before GC invocations=21 (full 0):
 garbage-first heap   total 78848K, used 49408K [0x0000000080000000, 0x0000000100000000)
  region size 1024K, 5 young (5120K), 4 survivors (4096K)
 Metaspace       used 54998K, committed 55488K, reserved 1114112K
  class space    used 7233K, committed 7424K, reserved 1048576K
}
Event: 576.640 GC heap after
{Heap after GC invocations=22 (full 0):
 garbage-first heap   total 78848K, used 48231K [0x0000000080000000, 0x0000000100000000)
  region size 1024K, 1 young (1024K), 1 survivors (1024K)
 Metaspace       used 54998K, committed 55488K, reserved 1114112K
  class space    used 7233K, committed 7424K, reserved 1048576K
}

Dll operation events (3 events):
Event: 0.023 Loaded shared library C:\Users\luizm\.jdks\jbr-17.0.8.1\bin\java.dll
Event: 0.075 Loaded shared library C:\Users\luizm\.jdks\jbr-17.0.8.1\bin\jsvml.dll
Event: 0.946 Loaded shared library C:\Users\luizm\.jdks\jbr-17.0.8.1\bin\verify.dll

Deoptimization events (20 events):
Event: 576.047 Thread 0x0000023a7e0f6480 Uncommon trap: trap_request=0xffffffde fr.pc=0x0000023a690873e8 relative=0x00000000000029c8
Event: 576.047 Thread 0x0000023a7e0f6480 Uncommon trap: reason=class_check action=maybe_recompile pc=0x0000023a690873e8 method=java.util.jar.JarFile.getManifestFromReference()Ljava/util/jar/Manifest; @ 152 c2
Event: 576.047 Thread 0x0000023a7e0f6480 DEOPT PACKING pc=0x0000023a690873e8 sp=0x000000f22c2f6860
Event: 576.047 Thread 0x0000023a7e0f6480 DEOPT UNPACKING pc=0x0000023a688c69a3 sp=0x000000f22c2f67d0 mode 2
Event: 576.622 Thread 0x0000023a7e0f6480 Uncommon trap: trap_request=0xffffffde fr.pc=0x0000023a690873e8 relative=0x00000000000029c8
Event: 576.622 Thread 0x0000023a7e0f6480 Uncommon trap: reason=class_check action=maybe_recompile pc=0x0000023a690873e8 method=java.util.jar.JarFile.getManifestFromReference()Ljava/util/jar/Manifest; @ 152 c2
Event: 576.622 Thread 0x0000023a7e0f6480 DEOPT PACKING pc=0x0000023a690873e8 sp=0x000000f22c2f5690
Event: 576.622 Thread 0x0000023a7e0f6480 DEOPT UNPACKING pc=0x0000023a688c69a3 sp=0x000000f22c2f5600 mode 2
Event: 576.752 Thread 0x0000023a7e0f6480 Uncommon trap: trap_request=0xffffff3d fr.pc=0x0000023a69050a74 relative=0x0000000000000d54
Event: 576.752 Thread 0x0000023a7e0f6480 Uncommon trap: reason=unstable_fused_if action=reinterpret pc=0x0000023a69050a74 method=org.objectweb.asm.ByteVector.putUTF8(Ljava/lang/String;)Lorg/objectweb/asm/ByteVector; @ 93 c2
Event: 576.752 Thread 0x0000023a7e0f6480 DEOPT PACKING pc=0x0000023a69050a74 sp=0x000000f22c2f6b60
Event: 576.752 Thread 0x0000023a7e0f6480 DEOPT UNPACKING pc=0x0000023a688c69a3 sp=0x000000f22c2f6ab8 mode 2
Event: 576.755 Thread 0x0000023a7e0f6480 Uncommon trap: trap_request=0xffffff45 fr.pc=0x0000023a6905cb94 relative=0x0000000000005c74
Event: 576.755 Thread 0x0000023a7e0f6480 Uncommon trap: reason=unstable_if action=reinterpret pc=0x0000023a6905cb94 method=org.objectweb.asm.Frame.execute(IILorg/objectweb/asm/Symbol;Lorg/objectweb/asm/SymbolTable;)V @ 1 c2
Event: 576.755 Thread 0x0000023a7e0f6480 DEOPT PACKING pc=0x0000023a6905cb94 sp=0x000000f22c2f69d0
Event: 576.755 Thread 0x0000023a7e0f6480 DEOPT UNPACKING pc=0x0000023a688c69a3 sp=0x000000f22c2f6978 mode 2
Event: 576.917 Thread 0x0000023a7e0f6480 Uncommon trap: trap_request=0xffffff3d fr.pc=0x0000023a68f4c3d0 relative=0x0000000000000210
Event: 576.917 Thread 0x0000023a7e0f6480 Uncommon trap: reason=unstable_fused_if action=reinterpret pc=0x0000023a68f4c3d0 method=org.objectweb.asm.ByteVector.putUTF8(Ljava/lang/String;)Lorg/objectweb/asm/ByteVector; @ 93 c2
Event: 576.917 Thread 0x0000023a7e0f6480 DEOPT PACKING pc=0x0000023a68f4c3d0 sp=0x000000f22c2f6d60
Event: 576.917 Thread 0x0000023a7e0f6480 DEOPT UNPACKING pc=0x0000023a688c69a3 sp=0x000000f22c2f6ce0 mode 2

Classes unloaded (0 events):
No events

Classes redefined (0 events):
No events

Internal exceptions (20 events):
Event: 575.315 Thread 0x0000023a7e0f6480 Exception <a 'java/lang/ClassNotFoundException'{0x0000000084134d28}: org/gradle/api/DefaultTaskBeanInfo> (0x0000000084134d28) 
thrown [s\src\hotspot\share\classfile\systemDictionary.cpp, line 256]
Event: 575.317 Thread 0x0000023a7e0f6480 Exception <a 'java/lang/ClassNotFoundException'{0x0000000084148cf0}: org/gradle/api/internal/AbstractTaskBeanInfo> (0x0000000084148cf0) 
thrown [s\src\hotspot\share\classfile\systemDictionary.cpp, line 256]
Event: 575.318 Thread 0x0000023a7e0f6480 Exception <a 'java/lang/ClassNotFoundException'{0x000000008415c7f0}: org/gradle/api/internal/AbstractTaskCustomizer> (0x000000008415c7f0) 
thrown [s\src\hotspot\share\classfile\systemDictionary.cpp, line 256]
Event: 575.329 Thread 0x0000023a7e0f6480 Exception <a 'java/lang/ClassNotFoundException'{0x00000000841c5c80}: org/gradle/api/DefaultTaskCustomizer> (0x00000000841c5c80) 
thrown [s\src\hotspot\share\classfile\systemDictionary.cpp, line 256]
Event: 575.341 Thread 0x0000023a7e0f6480 Exception <a 'java/lang/ClassNotFoundException'{0x0000000084036660}: org/gradle/api/internal/ConventionTaskCustomizer> (0x0000000084036660) 
thrown [s\src\hotspot\share\classfile\systemDictionary.cpp, line 256]
Event: 575.344 Thread 0x0000023a7e0f6480 Exception <a 'java/lang/ClassNotFoundException'{0x00000000840597c8}: org/gradle/api/tasks/DeleteCustomizer> (0x00000000840597c8) 
thrown [s\src\hotspot\share\classfile\systemDictionary.cpp, line 256]
Event: 575.347 Thread 0x0000023a7e0f6480 Exception <a 'java/lang/ClassNotFoundException'{0x0000000084081830}: org/gradle/api/tasks/Delete_DecoratedCustomizer> (0x0000000084081830) 
thrown [s\src\hotspot\share\classfile\systemDictionary.cpp, line 256]
Event: 575.429 Thread 0x0000023a7e0f6480 Exception <a 'java/lang/NoSuchMethodError'{0x00000000840efb68}: 'long java.lang.invoke.DirectMethodHandle$Holder.invokeVirtual(java.lang.Object, java.lang.Object)'> (0x00000000840efb68) 
thrown [s\src\hotspot\share\interpreter\linkResolver.cpp, line 771]
Event: 575.448 Thread 0x0000023a7e0fab60 Exception <a 'java/lang/NoSuchMethodError'{0x0000000083d42580}: static Lorg/gradle/internal/build/event/types/DefaultOperationFinishedProgressEvent;.<clinit>()V> (0x0000000083d42580) 
thrown [s\src\hotspot\share\prims\jni.cpp, line 1108]
Event: 575.455 Thread 0x0000023a7e0fab60 Exception <a 'java/lang/NoSuchMethodError'{0x0000000083d64cf8}: static Lorg/gradle/internal/build/event/types/DefaultProjectConfigurationSuccessResult;.<clinit>()V> (0x0000000083d64cf8) 
thrown [s\src\hotspot\share\prims\jni.cpp, line 1108]
Event: 575.455 Thread 0x0000023a7e0fab60 Exception <a 'java/lang/NoSuchMethodError'{0x0000000083d65db0}: static Lorg/gradle/internal/build/event/types/AbstractProjectConfigurationResult;.<clinit>()V> (0x0000000083d65db0) 
thrown [s\src\hotspot\share\prims\jni.cpp, line 1108]
Event: 575.455 Thread 0x0000023a7e0fab60 Exception <a 'java/lang/NoSuchMethodError'{0x0000000083d672b0}: static Lorg/gradle/internal/build/event/types/AbstractOperationResult;.<clinit>()V> (0x0000000083d672b0) 
thrown [s\src\hotspot\share\prims\jni.cpp, line 1108]
Event: 575.456 Thread 0x0000023a7e0fab60 Exception <a 'java/lang/NoSuchMethodError'{0x0000000083d6aa00}: static Lorg/gradle/internal/build/event/types/AbstractResult;.<clinit>()V> (0x0000000083d6aa00) 
thrown [s\src\hotspot\share\prims\jni.cpp, line 1108]
Event: 575.458 Thread 0x0000023a7e0fab60 Exception <a 'java/lang/NoSuchMethodError'{0x0000000083d749a8}: static Lorg/gradle/internal/build/event/types/DefaultPluginApplicationResult;.<clinit>()V> (0x0000000083d749a8) 
thrown [s\src\hotspot\share\prims\jni.cpp, line 1108]
Event: 575.460 Thread 0x0000023a7e0fab60 Exception <a 'java/lang/NoSuchMethodError'{0x0000000083d7f130}: static Lorg/gradle/internal/build/event/types/DefaultBinaryPluginIdentifier;.<clinit>()V> (0x0000000083d7f130) 
thrown [s\src\hotspot\share\prims\jni.cpp, line 1108]
Event: 575.468 Thread 0x0000023a7e0fab60 Exception <a 'java/lang/NoSuchMethodError'{0x0000000083d934a8}: static Lorg/gradle/internal/build/event/types/DefaultScriptPluginIdentifier;.<clinit>()V> (0x0000000083d934a8) 
thrown [s\src\hotspot\share\prims\jni.cpp, line 1108]
Event: 575.490 Thread 0x0000023a7e0f6480 Exception <a 'java/lang/ClassNotFoundException'{0x0000000083dfd8d0}: build_6039brkvzlcbztbdf0scnif7tBeanInfo> (0x0000000083dfd8d0) 
thrown [s\src\hotspot\share\classfile\systemDictionary.cpp, line 256]
Event: 575.491 Thread 0x0000023a7e0f6480 Exception <a 'java/lang/ClassNotFoundException'{0x0000000083c046f8}: build_6039brkvzlcbztbdf0scnif7tCustomizer> (0x0000000083c046f8) 
thrown [s\src\hotspot\share\classfile\systemDictionary.cpp, line 256]
Event: 575.541 Thread 0x0000023a7e0f6480 Exception <a 'java/lang/ClassNotFoundException'{0x0000000083b10a40}: org/gradle/api/internal/plugins/DefaultObjectConfigurationActionBeanInfo> (0x0000000083b10a40) 
thrown [s\src\hotspot\share\classfile\systemDictionary.cpp, line 256]
Event: 575.544 Thread 0x0000023a7e0f6480 Exception <a 'java/lang/ClassNotFoundException'{0x0000000083b22d98}: org/gradle/api/internal/plugins/DefaultObjectConfigurationActionCustomizer> (0x0000000083b22d98) 
thrown [s\src\hotspot\share\classfile\systemDictionary.cpp, line 256]

VM Operations (20 events):
Event: 574.316 Executing VM operation: G1PauseCleanup
Event: 574.316 Executing VM operation: G1PauseCleanup done
Event: 575.319 Executing VM operation: Cleanup
Event: 575.322 Executing VM operation: Cleanup done
Event: 575.436 Executing VM operation: HandshakeAllThreads
Event: 575.437 Executing VM operation: HandshakeAllThreads done
Event: 576.435 Executing VM operation: Cleanup
Event: 576.435 Executing VM operation: Cleanup done
Event: 576.469 Executing VM operation: G1CollectForAllocation
Event: 576.488 Executing VM operation: G1CollectForAllocation done
Event: 576.626 Executing VM operation: G1CollectForAllocation
Event: 576.641 Executing VM operation: G1CollectForAllocation done
Event: 576.851 Executing VM operation: HandshakeAllThreads
Event: 576.857 Executing VM operation: HandshakeAllThreads done
Event: 576.880 Executing VM operation: HandshakeAllThreads
Event: 576.881 Executing VM operation: HandshakeAllThreads done
Event: 576.917 Executing VM operation: HandshakeAllThreads
Event: 576.917 Executing VM operation: HandshakeAllThreads done
Event: 576.945 Executing VM operation: HandshakeAllThreads
Event: 576.945 Executing VM operation: HandshakeAllThreads done

Events (20 events):
Event: 576.933 Thread 0x0000023a775f1260 flushing nmethod 0x0000023a61d67810
Event: 576.933 Thread 0x0000023a775f1260 flushing nmethod 0x0000023a61d6b090
Event: 576.933 Thread 0x0000023a775f1260 flushing nmethod 0x0000023a61d8be90
Event: 576.933 Thread 0x0000023a775f1260 flushing nmethod 0x0000023a61d8e390
Event: 576.933 Thread 0x0000023a775f1260 flushing nmethod 0x0000023a61dd4490
Event: 576.933 Thread 0x0000023a775f1260 flushing nmethod 0x0000023a61deed90
Event: 576.934 Thread 0x0000023a775f1260 flushing nmethod 0x0000023a61e80d10
Event: 576.934 Thread 0x0000023a775f1260 flushing nmethod 0x0000023a61e84790
Event: 576.934 Thread 0x0000023a775f1260 flushing nmethod 0x0000023a61ebc110
Event: 576.934 Thread 0x0000023a775f1260 flushing nmethod 0x0000023a61ebe290
Event: 576.940 loading class sun/reflect/ReflectionFactory
Event: 576.942 loading class sun/reflect/ReflectionFactory done
Event: 576.942 loading class sun/reflect/ReflectionFactory$1
Event: 576.942 loading class sun/reflect/ReflectionFactory$1 done
Event: 577.502 loading class java/util/concurrent/atomic/AtomicIntegerArray
Event: 577.503 loading class java/util/concurrent/atomic/AtomicIntegerArray done
Event: 577.506 loading class java/util/Currency
Event: 577.510 loading class java/util/Currency done
Event: 577.621 loading class java/util/concurrent/atomic/AtomicLongArray
Event: 577.623 loading class java/util/concurrent/atomic/AtomicLongArray done


Dynamic libraries:
0x00007ff7e5bd0000 - 0x00007ff7e5bda000 	C:\Users\luizm\.jdks\jbr-17.0.8.1\bin\java.exe
0x00007ffa5a430000 - 0x00007ffa5a647000 	C:\WINDOWS\SYSTEM32\ntdll.dll
0x00007ffa58cd0000 - 0x00007ffa58d94000 	C:\WINDOWS\System32\KERNEL32.DLL
0x00007ffa57c70000 - 0x00007ffa58016000 	C:\WINDOWS\System32\KERNELBASE.dll
0x00007ffa577b0000 - 0x00007ffa578c1000 	C:\WINDOWS\System32\ucrtbase.dll
0x00007ffa4d2c0000 - 0x00007ffa4d2d7000 	C:\Users\luizm\.jdks\jbr-17.0.8.1\bin\jli.dll
0x00007ffa4b9c0000 - 0x00007ffa4b9db000 	C:\Users\luizm\.jdks\jbr-17.0.8.1\bin\VCRUNTIME140.dll
0x00007ffa58f70000 - 0x00007ffa5911d000 	C:\WINDOWS\System32\USER32.dll
0x00007ffa57b50000 - 0x00007ffa57b76000 	C:\WINDOWS\System32\win32u.dll
0x00007ffa33870000 - 0x00007ffa33b03000 	C:\WINDOWS\WinSxS\amd64_microsoft.windows.common-controls_6595b64144ccf1df_6.0.22621.2361_none_2712ced57382f843\COMCTL32.dll
0x00007ffa58500000 - 0x00007ffa58529000 	C:\WINDOWS\System32\GDI32.dll
0x00007ffa5a2c0000 - 0x00007ffa5a367000 	C:\WINDOWS\System32\msvcrt.dll
0x00007ffa57a30000 - 0x00007ffa57b48000 	C:\WINDOWS\System32\gdi32full.dll
0x00007ffa57990000 - 0x00007ffa57a2a000 	C:\WINDOWS\System32\msvcp_win.dll
0x00007ffa58740000 - 0x00007ffa58771000 	C:\WINDOWS\System32\IMM32.DLL
0x00007ffa4f570000 - 0x00007ffa4f57c000 	C:\Users\luizm\.jdks\jbr-17.0.8.1\bin\vcruntime140_1.dll
0x00007ffa3fe30000 - 0x00007ffa3febd000 	C:\Users\luizm\.jdks\jbr-17.0.8.1\bin\msvcp140.dll
0x00007ff9f8a60000 - 0x00007ff9f96e3000 	C:\Users\luizm\.jdks\jbr-17.0.8.1\bin\server\jvm.dll
0x00007ffa58da0000 - 0x00007ffa58e50000 	C:\WINDOWS\System32\ADVAPI32.dll
0x00007ffa59ad0000 - 0x00007ffa59b76000 	C:\WINDOWS\System32\sechost.dll
0x00007ffa58e50000 - 0x00007ffa58f67000 	C:\WINDOWS\System32\RPCRT4.dll
0x00007ffa56600000 - 0x00007ffa5664d000 	C:\WINDOWS\SYSTEM32\POWRPROF.dll
0x00007ffa4c280000 - 0x00007ffa4c2b4000 	C:\WINDOWS\SYSTEM32\WINMM.dll
0x00007ffa216f0000 - 0x00007ffa216f9000 	C:\WINDOWS\SYSTEM32\WSOCK32.dll
0x00007ffa4c2c0000 - 0x00007ffa4c2ca000 	C:\WINDOWS\SYSTEM32\VERSION.dll
0x00007ffa5a370000 - 0x00007ffa5a3e1000 	C:\WINDOWS\System32\WS2_32.dll
0x00007ffa565e0000 - 0x00007ffa565f3000 	C:\WINDOWS\SYSTEM32\UMPDC.dll
0x00007ffa56840000 - 0x00007ffa56858000 	C:\WINDOWS\SYSTEM32\kernel.appcore.dll
0x00007ffa4d0f0000 - 0x00007ffa4d0fa000 	C:\Users\luizm\.jdks\jbr-17.0.8.1\bin\jimage.dll
0x00007ffa54e40000 - 0x00007ffa5506e000 	C:\WINDOWS\SYSTEM32\DBGHELP.DLL
0x00007ffa58780000 - 0x00007ffa58b0a000 	C:\WINDOWS\System32\combase.dll
0x00007ffa582a0000 - 0x00007ffa58377000 	C:\WINDOWS\System32\OLEAUT32.dll
0x00007ffa2ece0000 - 0x00007ffa2ed12000 	C:\WINDOWS\SYSTEM32\dbgcore.DLL
0x00007ffa57bf0000 - 0x00007ffa57c6a000 	C:\WINDOWS\System32\bcryptPrimitives.dll
0x00007ffa41410000 - 0x00007ffa41435000 	C:\Users\luizm\.jdks\jbr-17.0.8.1\bin\java.dll
0x00007ffa42060000 - 0x00007ffa42078000 	C:\Users\luizm\.jdks\jbr-17.0.8.1\bin\zip.dll
0x00007ffa3d7f0000 - 0x00007ffa3d8c7000 	C:\Users\luizm\.jdks\jbr-17.0.8.1\bin\jsvml.dll
0x00007ffa59120000 - 0x00007ffa59978000 	C:\WINDOWS\System32\SHELL32.dll
0x00007ffa556d0000 - 0x00007ffa55fc2000 	C:\WINDOWS\SYSTEM32\windows.storage.dll
0x00007ffa55590000 - 0x00007ffa556ce000 	C:\WINDOWS\SYSTEM32\wintypes.dll
0x00007ffa58640000 - 0x00007ffa58733000 	C:\WINDOWS\System32\SHCORE.dll
0x00007ffa5a250000 - 0x00007ffa5a2ae000 	C:\WINDOWS\System32\shlwapi.dll
0x00007ffa576e0000 - 0x00007ffa57706000 	C:\WINDOWS\SYSTEM32\profapi.dll
0x00007ffa3ff70000 - 0x00007ffa3ff89000 	C:\Users\luizm\.jdks\jbr-17.0.8.1\bin\net.dll
0x00007ffa4a530000 - 0x00007ffa4a667000 	C:\WINDOWS\SYSTEM32\WINHTTP.dll
0x00007ffa56d20000 - 0x00007ffa56d89000 	C:\WINDOWS\system32\mswsock.dll
0x00007ffa3ff50000 - 0x00007ffa3ff66000 	C:\Users\luizm\.jdks\jbr-17.0.8.1\bin\nio.dll
0x00007ffa4a880000 - 0x00007ffa4a890000 	C:\Users\luizm\.jdks\jbr-17.0.8.1\bin\verify.dll
0x00007ffa2c3d0000 - 0x00007ffa2c3f7000 	C:\Users\luizm\.gradle\native\68d5fa5c4cc2d200863cafc0d521ce42e7d3e7ee720ec0a83991735586a16f82\windows-amd64\native-platform.dll
0x00007ffa391e0000 - 0x00007ffa39324000 	C:\Users\luizm\.gradle\native\e376f236ea51e6404a007f0833ffe2c6e607c4080706a723a18a27aeea778392\windows-amd64\native-platform-file-events.dll
0x00007ffa49040000 - 0x00007ffa49049000 	C:\Users\luizm\.jdks\jbr-17.0.8.1\bin\management.dll
0x00007ffa49010000 - 0x00007ffa4901b000 	C:\Users\luizm\.jdks\jbr-17.0.8.1\bin\management_ext.dll
0x00007ffa59b80000 - 0x00007ffa59b88000 	C:\WINDOWS\System32\PSAPI.DLL
0x00007ffa56fa0000 - 0x00007ffa56fbb000 	C:\WINDOWS\SYSTEM32\CRYPTSP.dll
0x00007ffa56800000 - 0x00007ffa56835000 	C:\WINDOWS\system32\rsaenh.dll
0x00007ffa56e30000 - 0x00007ffa56e5c000 	C:\WINDOWS\SYSTEM32\USERENV.dll
0x00007ffa57150000 - 0x00007ffa57178000 	C:\WINDOWS\SYSTEM32\bcrypt.dll
0x00007ffa56f90000 - 0x00007ffa56f9c000 	C:\WINDOWS\SYSTEM32\CRYPTBASE.dll
0x00007ffa562e0000 - 0x00007ffa5630d000 	C:\WINDOWS\SYSTEM32\IPHLPAPI.DLL
0x00007ffa58380000 - 0x00007ffa58389000 	C:\WINDOWS\System32\NSI.dll
0x00007ffa4a7d0000 - 0x00007ffa4a7e9000 	C:\WINDOWS\SYSTEM32\dhcpcsvc6.DLL
0x00007ffa4a7b0000 - 0x00007ffa4a7cf000 	C:\WINDOWS\SYSTEM32\dhcpcsvc.DLL
0x00007ffa56360000 - 0x00007ffa56459000 	C:\WINDOWS\SYSTEM32\DNSAPI.dll
0x00007ffa42020000 - 0x00007ffa4202e000 	C:\Users\luizm\.jdks\jbr-17.0.8.1\bin\sunmscapi.dll
0x00007ffa58020000 - 0x00007ffa58186000 	C:\WINDOWS\System32\CRYPT32.dll
0x00007ffa57120000 - 0x00007ffa5714d000 	C:\WINDOWS\SYSTEM32\ncrypt.dll
0x00007ffa570e0000 - 0x00007ffa57117000 	C:\WINDOWS\SYSTEM32\NTASN1.dll
0x00007ffa3a500000 - 0x00007ffa3a508000 	C:\WINDOWS\system32\wshunix.dll

dbghelp: loaded successfully - version: 4.0.5 - missing functions: none
symbol engine: initialized successfully - sym options: 0x614 - pdb path: .;C:\Users\luizm\.jdks\jbr-17.0.8.1\bin;C:\WINDOWS\SYSTEM32;C:\WINDOWS\WinSxS\amd64_microsoft.windows.common-controls_6595b64144ccf1df_6.0.22621.2361_none_2712ced57382f843;C:\Users\luizm\.jdks\jbr-17.0.8.1\bin\server;C:\Users\luizm\.gradle\native\68d5fa5c4cc2d200863cafc0d521ce42e7d3e7ee720ec0a83991735586a16f82\windows-amd64;C:\Users\luizm\.gradle\native\e376f236ea51e6404a007f0833ffe2c6e607c4080706a723a18a27aeea778392\windows-amd64

VM Arguments:
jvm_args: --add-opens=java.base/java.util=ALL-UNNAMED --add-opens=java.base/java.lang=ALL-UNNAMED --add-opens=java.base/java.lang.invoke=ALL-UNNAMED --add-opens=java.prefs/java.util.prefs=ALL-UNNAMED --add-opens=java.base/java.nio.charset=ALL-UNNAMED --add-opens=java.base/java.net=ALL-UNNAMED --add-opens=java.base/java.util.concurrent.atomic=ALL-UNNAMED -Xmx2048m -Dfile.encoding=UTF-8 -Duser.country=BR -Duser.language=pt -Duser.variant 
java_command: org.gradle.launcher.daemon.bootstrap.GradleDaemon 8.0
java_class_path (initial): C:\Users\luizm\.gradle\wrapper\dists\gradle-8.0-bin\ca5e32bp14vu59qr306oxotwh\gradle-8.0\lib\gradle-launcher-8.0.jar
Launcher Type: SUN_STANDARD

[Global flags]
     intx CICompilerCount                          = 3                                         {product} {ergonomic}
     uint ConcGCThreads                            = 1                                         {product} {ergonomic}
     uint G1ConcRefinementThreads                  = 4                                         {product} {ergonomic}
   size_t G1HeapRegionSize                         = 1048576                                   {product} {ergonomic}
    uintx GCDrainStackTargetSize                   = 64                                        {product} {ergonomic}
   size_t InitialHeapSize                          = 67108864                                  {product} {ergonomic}
   size_t MarkStackSize                            = 4194304                                   {product} {ergonomic}
   size_t MaxHeapSize                              = 2147483648                                {product} {command line}
   size_t MaxNewSize                               = 1287651328                                {product} {ergonomic}
   size_t MinHeapDeltaBytes                        = 1048576                                   {product} {ergonomic}
   size_t MinHeapSize                              = 8388608                                   {product} {ergonomic}
    uintx NonNMethodCodeHeapSize                   = 5832780                                {pd product} {ergonomic}
    uintx NonProfiledCodeHeapSize                  = 122912730                              {pd product} {ergonomic}
    uintx ProfiledCodeHeapSize                     = 122912730                              {pd product} {ergonomic}
    uintx ReservedCodeCacheSize                    = 251658240                              {pd product} {ergonomic}
     bool SegmentedCodeCache                       = true                                      {product} {ergonomic}
   size_t SoftMaxHeapSize                          = 2147483648                             {manageable} {ergonomic}
     bool UseCompressedClassPointers               = true                           {product lp64_product} {ergonomic}
     bool UseCompressedOops                        = true                           {product lp64_product} {ergonomic}
     bool UseG1GC                                  = true                                      {product} {ergonomic}
     bool UseLargePagesIndividualAllocation        = false                                  {pd product} {ergonomic}

Logging:
Log output configuration:
 #0: stdout all=warning uptime,level,tags
 #1: stderr all=off uptime,level,tags

Environment Variables:
PATH=C:\Program Files (x86)\Common Files\Intel\Shared Libraries\redist\intel64\compiler;C:\Program Files (x86)\Common Files\Oracle\Java\javapath;C:\Windows\system32;C:\Windows;C:\Windows\System32\Wbem;C:\Windows\System32\WindowsPowerShell\v1.0\;C:\Windows\System32\OpenSSH\;C:\Program Files\Microsoft SQL Server\130\Tools\Binn\;C:\Program Files\Microsoft SQL Server\Client SDK\ODBC\170\Tools\Binn\;C:\Program Files (x86)\Microsoft SQL Server\150\Tools\Binn\;C:\Program Files\Microsoft SQL Server\150\Tools\Binn\;C:\Program Files\Microsoft SQL Server\150\DTS\Binn\;C:\Program Files (x86)\Microsoft SQL Server\150\DTS\Binn\;C:\Program Files\Git\cmd;C:\Program Files\dotnet\;C:\WINDOWS\system32;C:\WINDOWS;C:\WINDOWS\System32\Wbem;C:\WINDOWS\System32\WindowsPowerShell\v1.0\;C:\WINDOWS\System32\OpenSSH\;C:\Program Files\MySQL\MySQL Shell 8.0\bin\;C:\Users\luizm\AppData\Local\Microsoft\WindowsApps;C:\Program Files\Azure Data Studio\bin;C:\Users\luizm\AppData\Local\Programs\Microsoft VS Code\bin;C:\Users\luizm\AppData\Local\GitHubDesktop\bin;C:\Users\luizm\.dotnet\tools;
USERNAME=luizm
OS=Windows_NT
PROCESSOR_IDENTIFIER=Intel64 Family 6 Model 142 Stepping 10, GenuineIntel
TMP=C:\Users\luizm\AppData\Local\Temp
TEMP=C:\Users\luizm\AppData\Local\Temp


JNI global refs:
JNI global refs: 23, weak refs: 2

JNI global refs memory usage: 843, weak refs: 841

OOME stack traces (most recent first):
Classloader memory used:
